#
# A fatal error has been detected by the Java Runtime Environment:
#
#  EXCEPTION_ACCESS_VIOLATION (0xc0000005) at pc=0x00007ffa2c13f74a, pid=3144, tid=472
#
# JRE version: OpenJDK Runtime Environment AdoptOpenJDK (14.0.1+7) (build 14.0.1+7)
# Java VM: OpenJDK 64-Bit Server VM AdoptOpenJDK (14.0.1+7, mixed mode, sharing, tiered, compressed oops, g1 gc, windows-amd64)
# Problematic frame:
# C  [awt.dll+0x8f74a]
#
# No core dump will be written. Minidumps are not enabled by default on client versions of Windows
#
# If you would like to submit a bug report, please visit:
#   https://github.com/AdoptOpenJDK/openjdk-support/issues
# The crash happened outside the Java Virtual Machine in native code.
# See problematic frame for where to report the bug.
#

---------------  S U M M A R Y ------------

Command Line: -agentlib:jdwp=transport=dt_socket,server=n,suspend=y,address=localhost:54367 --enable-preview -Dfile.encoding=UTF-8 P6_Gui

Host: Intel(R) Core(TM) i5-7200U CPU @ 2.50GHz, 4 cores, 7G,  Windows 10 , 64 bit Build 18362 (10.0.18362.778)
Time: Sun Jun 14 00:56:02 2020 ???? (?W?€??) elapsed time: 0 seconds (0d 0h 0m 0s)

---------------  T H R E A D  ---------------

Current thread (0x000001b96d93f000):  JavaThread "main" [_thread_in_native, id=472, stack(0x000000676cf00000,0x000000676d000000)]

Stack: [0x000000676cf00000,0x000000676d000000],  sp=0x000000676cffeca0,  free space=1019k
Native frames: (J=compiled Java code, j=interpreted, Vv=VM code, C=native code)
C  [awt.dll+0x8f74a]

Java frames: (J=compiled Java code, j=interpreted, Vv=VM code)
j  sun.awt.windows.WComponentPeer._setFont(Ljava/awt/Font;)V+0 java.desktop@14.0.1
j  sun.awt.windows.WComponentPeer.setFont(Ljava/awt/Font;)V+7 java.desktop@14.0.1
j  sun.awt.windows.WWindowPeer.initialize()V+42 java.desktop@14.0.1
j  sun.awt.windows.WFramePeer.initialize()V+1 java.desktop@14.0.1
j  sun.awt.windows.WComponentPeer.<init>(Ljava/awt/Component;)V+83 java.desktop@14.0.1
j  sun.awt.windows.WCanvasPeer.<init>(Ljava/awt/Component;)V+2 java.desktop@14.0.1
j  sun.awt.windows.WPanelPeer.<init>(Ljava/awt/Component;)V+2 java.desktop@14.0.1
j  sun.awt.windows.WWindowPeer.<init>(Ljava/awt/Window;)V+2 java.desktop@14.0.1
j  sun.awt.windows.WFramePeer.<init>(Ljava/awt/Frame;)V+2 java.desktop@14.0.1
j  sun.awt.windows.WToolkit.createFrame(Ljava/awt/Frame;)Ljava/awt/peer/FramePeer;+5 java.desktop@14.0.1
j  java.awt.Frame.addNotify()V+20 java.desktop@14.0.1
j  java.awt.Window.show()V+8 java.desktop@14.0.1
j  java.awt.Component.show(Z)V+5 java.desktop@14.0.1
j  java.awt.Component.setVisible(Z)V+2 java.desktop@14.0.1
j  java.awt.Window.setVisible(Z)V+2 java.desktop@14.0.1
j  P6_Gui.<init>()V+37
j  P6_Gui.main([Ljava/lang/String;)V+3
v  ~StubRoutines::call_stub

siginfo: EXCEPTION_ACCESS_VIOLATION (0xc0000005), reading address 0x0000000000000058


Register to memory mapping:

RIP=0x00007ffa2c13f74a awt.dll
RAX=0x00007ffa2c1ba660 awt.dll
RBX=0x000001b96d93f310 points into unknown readable memory: 50 3c 52 22 fa 7f 00 00
RCX=0x000001b90f6c6060 points into unknown readable memory: 60 a6 1b 2c fa 7f 00 00
RDX=0x0 is NULL
RSP=0x000000676cffeca0 is pointing into the stack for thread: 0x000001b96d93f000
RBP=0x0 is NULL
RSI=0x000001b90f6b4908 is a global jni handle
RDI=0x000001b90f6b4910 is a global jni handle
R8 =0x0000000000000042 is an unknown value
R9 =0x0000000800b47fc0 is a pointer to class: 
java.awt.Font {0x0000000800b47fc8}
R10=0x0000000000008000 is an unknown value
R11=0x000000676cffeca0 is pointing into the stack for thread: 0x000001b96d93f000
R12=0x0 is NULL
R13={method} {0x000001b97f4bd578} '_setFont' '(Ljava/awt/Font;)V' in 'sun/awt/windows/WComponentPeer'
R14=0x000001b90f6c6060 points into unknown readable memory: 60 a6 1b 2c fa 7f 00 00
R15=0x000001b90f686d90 points into unknown readable memory: 08 49 6b 0f b9 01 00 00


Registers:
RAX=0x00007ffa2c1ba660, RBX=0x000001b96d93f310, RCX=0x000001b90f6c6060, RDX=0x0000000000000000
RSP=0x000000676cffeca0, RBP=0x0000000000000000, RSI=0x000001b90f6b4908, RDI=0x000001b90f6b4910
R8 =0x0000000000000042, R9 =0x0000000800b47fc0, R10=0x0000000000008000, R11=0x000000676cffeca0
R12=0x0000000000000000, R13=0x000001b97f4bd570, R14=0x000001b90f6c6060, R15=0x000001b90f686d90
RIP=0x00007ffa2c13f74a, EFLAGS=0x0000000000010206

Top of Stack: (sp=0x000000676cffeca0)
0x000000676cffeca0:   000001b90f686d90 000001b90f6c6060
0x000000676cffecb0:   000001b90f686d90 000001b90f6c6060
0x000000676cffecc0:   000001b90f6b4910 00007ffa2c144655
0x000000676cffecd0:   000001b96d93f310 000001b96d93f310
0x000000676cffece0:   0000000000000000 000001b90f6b4908
0x000000676cffecf0:   000001b96d93f000 000000676cffee40
0x000000676cffed00:   000001b90f686d90 00007ffa2c17d59b
0x000000676cffed10:   00007ffa2c1ff018 000000676cffee18
0x000000676cffed20:   00007ffa2c144528 0000000000000000
0x000000676cffed30:   fffffffffffffffe fffffffffffffffe
0x000000676cffed40:   000001b90f6b4908 00007ffa2c14581c
0x000000676cffed50:   000001b90f6b4910 000000676cffee38
0x000000676cffed60:   000000676cffee38 00007ffa2c1ff018
0x000000676cffed70:   fffffffffffffffe 00007ffa220963f9
0x000000676cffed80:   000001b90000cda9 000001b900017741
0x000000676cffed90:   000001b97f4bd570 0000000000000000 

Instructions: (pc=0x00007ffa2c13f74a)
0x00007ffa2c13f64a:   00 48 8b d9 e8 d9 dc ff ff 48 8b f8 48 85 c0 75
0x00007ffa2c13f65a:   04 48 8b 7b 48 48 8b cf e8 93 15 05 00 48 8b d8
0x00007ffa2c13f66a:   48 85 c0 74 60 83 64 24 20 00 0f 57 c0 83 64 24
0x00007ffa2c13f67a:   34 00 b9 11 00 00 00 83 64 24 38 00 f3 0f 7f 44
0x00007ffa2c13f68a:   24 24 ff 15 86 bc 0b 00 4c 8d 44 24 40 ba 5c 00
0x00007ffa2c13f69a:   00 00 48 8b c8 ff 15 2b bf 0b 00 83 f8 5c 75 0d
0x00007ffa2c13f6aa:   48 8d 54 24 40 48 8b cb e8 f2 15 05 00 48 8d 54
0x00007ffa2c13f6ba:   24 20 48 8b cb e8 09 16 05 00 48 8b d3 48 8b cf
0x00007ffa2c13f6ca:   e8 b6 15 05 00 48 8b 8c 24 a0 00 00 00 48 33 cc
0x00007ffa2c13f6da:   e8 e1 22 05 00 48 8b 9c 24 c8 00 00 00 48 81 c4
0x00007ffa2c13f6ea:   b0 00 00 00 5f c3 40 53 48 83 ec 20 48 8b d9 ff
0x00007ffa2c13f6fa:   15 69 c4 0b 00 48 85 c0 75 0a 48 8b 4b 48 ff 15
0x00007ffa2c13f70a:   52 c4 0b 00 48 83 c4 20 5b c3 4c 63 c2 48 8b 15
0x00007ffa2c13f71a:   2a a8 0b 00 48 ff 25 e3 c2 0b 00 cc cc cc 48 8b
0x00007ffa2c13f72a:   d1 48 8b 0d 1e d8 0b 00 48 89 15 17 d8 0b 00 e9
0x00007ffa2c13f73a:   f6 63 04 00 cc cc 48 89 5c 24 08 57 48 83 ec 20
0x00007ffa2c13f74a:   83 7a 58 00 48 8b da 48 8b f9 7d 08 48 8b ca e8
0x00007ffa2c13f75a:   4a 95 01 00 4c 8b 43 48 45 33 c9 48 8b 4f 48 4d
0x00007ffa2c13f76a:   8b 00 41 8d 51 30 ff 15 5a c5 0b 00 48 8b 4f 48
0x00007ffa2c13f77a:   33 d2 44 8d 42 01 48 8b 5c 24 30 48 83 c4 20 5f
0x00007ffa2c13f78a:   48 ff 25 f7 c3 0b 00 cc cc cc 48 8b c4 48 89 58
0x00007ffa2c13f79a:   08 48 89 68 10 48 89 70 18 48 89 78 20 41 56 48
0x00007ffa2c13f7aa:   83 ec 20 4c 8b f2 48 8b f9 48 8b 0d 3e f6 0b 00
0x00007ffa2c13f7ba:   ba 02 00 01 00 41 8b e8 e8 04 21 05 00 48 8b 97
0x00007ffa2c13f7ca:   c0 00 00 00 33 db 48 8b f0 48 85 d2 74 0d 4c 8b
0x00007ffa2c13f7da:   08 48 8b c8 41 ff 91 b0 00 00 00 4d 85 f6 74 14
0x00007ffa2c13f7ea:   48 8b 06 49 8b d6 48 8b ce ff 90 a8 00 00 00 48
0x00007ffa2c13f7fa:   8b d8 eb 05 bd 01 00 00 00 48 89 9f c0 00 00 00
0x00007ffa2c13f80a:   89 af c8 00 00 00 48 8b 5c 24 30 48 8b 6c 24 38
0x00007ffa2c13f81a:   48 8b 74 24 40 48 8b 7c 24 48 48 83 c4 20 41 5e
0x00007ffa2c13f82a:   c3 cc 48 89 5c 24 08 48 89 6c 24 10 48 89 74 24
0x00007ffa2c13f83a:   18 57 48 83 ec 20 33 db 48 8b f9 48 85 c9 75 09 


Stack slot to memory mapping:
stack at sp + 0 slots: 0x000001b90f686d90 points into unknown readable memory: 08 49 6b 0f b9 01 00 00
stack at sp + 1 slots: 0x000001b90f6c6060 points into unknown readable memory: 60 a6 1b 2c fa 7f 00 00
stack at sp + 2 slots: 0x000001b90f686d90 points into unknown readable memory: 08 49 6b 0f b9 01 00 00
stack at sp + 3 slots: 0x000001b90f6c6060 points into unknown readable memory: 60 a6 1b 2c fa 7f 00 00
stack at sp + 4 slots: 0x000001b90f6b4910 is a global jni handle
stack at sp + 5 slots: 0x00007ffa2c144655 awt.dll
stack at sp + 6 slots: 0x000001b96d93f310 points into unknown readable memory: 50 3c 52 22 fa 7f 00 00
stack at sp + 7 slots: 0x000001b96d93f310 points into unknown readable memory: 50 3c 52 22 fa 7f 00 00


---------------  P R O C E S S  ---------------

Threads class SMR info:
_java_thread_list=0x000001b90f6b6da0, length=18, elements={
0x000001b96d93f000, 0x000001b97f353000, 0x000001b97f354800, 0x000001b97f370000,
0x000001b97f371800, 0x000001b97f374800, 0x000001b97f37e000, 0x000001b97f37f000,
0x000001b97f398800, 0x000001b90f131800, 0x000001b90f133000, 0x000001b90f133800,
0x000001b90f13d000, 0x000001b90f139800, 0x000001b90f138000, 0x000001b90f138800,
0x000001b90f137000, 0x000001b90f13a800
}

Java Threads: ( => current thread )
=>0x000001b96d93f000 JavaThread "main" [_thread_in_native, id=472, stack(0x000000676cf00000,0x000000676d000000)]
  0x000001b97f353000 JavaThread "Reference Handler" daemon [_thread_blocked, id=2076, stack(0x000000676d600000,0x000000676d700000)]
  0x000001b97f354800 JavaThread "Finalizer" daemon [_thread_blocked, id=16344, stack(0x000000676d700000,0x000000676d800000)]
  0x000001b97f370000 JavaThread "Signal Dispatcher" daemon [_thread_blocked, id=4636, stack(0x000000676d800000,0x000000676d900000)]
  0x000001b97f371800 JavaThread "Attach Listener" daemon [_thread_blocked, id=9308, stack(0x000000676d900000,0x000000676da00000)]
  0x000001b97f374800 JavaThread "Service Thread" daemon [_thread_blocked, id=6700, stack(0x000000676da00000,0x000000676db00000)]
  0x000001b97f37e000 JavaThread "C2 CompilerThread0" daemon [_thread_blocked, id=10080, stack(0x000000676db00000,0x000000676dc00000)]
  0x000001b97f37f000 JavaThread "C1 CompilerThread0" daemon [_thread_blocked, id=2880, stack(0x000000676dc00000,0x000000676dd00000)]
  0x000001b97f398800 JavaThread "Sweeper thread" daemon [_thread_blocked, id=13248, stack(0x000000676dd00000,0x000000676de00000)]
  0x000001b90f131800 JavaThread "JDWP Transport Listener: dt_socket" daemon [_thread_blocked, id=13616, stack(0x000000676de00000,0x000000676df00000)]
  0x000001b90f133000 JavaThread "JDWP Event Helper Thread" daemon [_thread_blocked, id=8172, stack(0x000000676df00000,0x000000676e000000)]
  0x000001b90f133800 JavaThread "JDWP Command Reader" daemon [_thread_in_native, id=9628, stack(0x000000676e000000,0x000000676e100000)]
  0x000001b90f13d000 JavaThread "Notification Thread" daemon [_thread_blocked, id=6732, stack(0x000000676e100000,0x000000676e200000)]
  0x000001b90f139800 JavaThread "Common-Cleaner" daemon [_thread_blocked, id=9292, stack(0x000000676e300000,0x000000676e400000)]
  0x000001b90f138000 JavaThread "Java2D Disposer" daemon [_thread_blocked, id=11436, stack(0x000000676e400000,0x000000676e500000)]
  0x000001b90f138800 JavaThread "AWT-Shutdown" [_thread_blocked, id=7408, stack(0x000000676e500000,0x000000676e600000)]
  0x000001b90f137000 JavaThread "AWT-Windows" daemon [_thread_in_native, id=14108, stack(0x000000676e600000,0x000000676e700000)]
  0x000001b90f13a800 JavaThread "AWT-EventQueue-0" [_thread_blocked, id=9684, stack(0x000000676e700000,0x000000676e800000)]

Other Threads:
  0x000001b97f350000 VMThread "VM Thread" [stack: 0x000000676d500000,0x000000676d600000] [id=6428]
  0x000001b90f14d800 WatcherThread [stack: 0x000000676e200000,0x000000676e300000] [id=6524]
  0x000001b96d981800 GCTaskThread "GC Thread#0" [stack: 0x000000676d000000,0x000000676d100000] [id=9340]
  0x000001b96d994000 ConcurrentGCThread "G1 Main Marker" [stack: 0x000000676d100000,0x000000676d200000] [id=6396]
  0x000001b96d995800 ConcurrentGCThread "G1 Conc#0" [stack: 0x000000676d200000,0x000000676d300000] [id=11412]
  0x000001b96da0e000 ConcurrentGCThread "G1 Refine#0" [stack: 0x000000676d300000,0x000000676d400000] [id=14288]
  0x000001b97f1c2800 ConcurrentGCThread "G1 Young RemSet Sampling" [stack: 0x000000676d400000,0x000000676d500000] [id=14160]

Threads with active compile tasks:

VM state:not at safepoint (normal execution)

VM Mutex/Monitor currently owned by a thread: None

Heap address: 0x0000000081200000, size: 2030 MB, Compressed Oops mode: 32-bit
Narrow klass base: 0x0000000800000000, Narrow klass shift: 3
Compressed class space size: 1073741824 Address: 0x0000000800b30000

Heap:
 garbage-first heap   total 131072K, used 4096K [0x0000000081200000, 0x0000000100000000)
  region size 1024K, 5 young (5120K), 0 survivors (0K)
 Metaspace       used 5304K, capacity 5526K, committed 5632K, reserved 1056768K
  class space    used 601K, capacity 725K, committed 768K, reserved 1048576K
Heap Regions: E=young(eden), S=young(survivor), O=old, HS=humongous(starts), HC=humongous(continues), CS=collection set, F=free, OA=open archive, CA=closed archive, TAMS=top-at-mark-start (previous, next)
|   0|0x0000000081200000, 0x0000000081200000, 0x0000000081300000|  0%| F|  |TAMS 0x0000000081200000, 0x0000000081200000| Untracked 
|   1|0x0000000081300000, 0x0000000081300000, 0x0000000081400000|  0%| F|  |TAMS 0x0000000081300000, 0x0000000081300000| Untracked 
|   2|0x0000000081400000, 0x0000000081400000, 0x0000000081500000|  0%| F|  |TAMS 0x0000000081400000, 0x0000000081400000| Untracked 
|   3|0x0000000081500000, 0x0000000081500000, 0x0000000081600000|  0%| F|  |TAMS 0x0000000081500000, 0x0000000081500000| Untracked 
|   4|0x0000000081600000, 0x0000000081600000, 0x0000000081700000|  0%| F|  |TAMS 0x0000000081600000, 0x0000000081600000| Untracked 
|   5|0x0000000081700000, 0x0000000081700000, 0x0000000081800000|  0%| F|  |TAMS 0x0000000081700000, 0x0000000081700000| Untracked 
|   6|0x0000000081800000, 0x0000000081800000, 0x0000000081900000|  0%| F|  |TAMS 0x0000000081800000, 0x0000000081800000| Untracked 
|   7|0x0000000081900000, 0x0000000081900000, 0x0000000081a00000|  0%| F|  |TAMS 0x0000000081900000, 0x0000000081900000| Untracked 
|   8|0x0000000081a00000, 0x0000000081a00000, 0x0000000081b00000|  0%| F|  |TAMS 0x0000000081a00000, 0x0000000081a00000| Untracked 
|   9|0x0000000081b00000, 0x0000000081b00000, 0x0000000081c00000|  0%| F|  |TAMS 0x0000000081b00000, 0x0000000081b00000| Untracked 
|  10|0x0000000081c00000, 0x0000000081c00000, 0x0000000081d00000|  0%| F|  |TAMS 0x0000000081c00000, 0x0000000081c00000| Untracked 
|  11|0x0000000081d00000, 0x0000000081d00000, 0x0000000081e00000|  0%| F|  |TAMS 0x0000000081d00000, 0x0000000081d00000| Untracked 
|  12|0x0000000081e00000, 0x0000000081e00000, 0x0000000081f00000|  0%| F|  |TAMS 0x0000000081e00000, 0x0000000081e00000| Untracked 
|  13|0x0000000081f00000, 0x0000000081f00000, 0x0000000082000000|  0%| F|  |TAMS 0x0000000081f00000, 0x0000000081f00000| Untracked 
|  14|0x0000000082000000, 0x0000000082000000, 0x0000000082100000|  0%| F|  |TAMS 0x0000000082000000, 0x0000000082000000| Untracked 
|  15|0x0000000082100000, 0x0000000082100000, 0x0000000082200000|  0%| F|  |TAMS 0x0000000082100000, 0x0000000082100000| Untracked 
|  16|0x0000000082200000, 0x0000000082200000, 0x0000000082300000|  0%| F|  |TAMS 0x0000000082200000, 0x0000000082200000| Untracked 
|  17|0x0000000082300000, 0x0000000082300000, 0x0000000082400000|  0%| F|  |TAMS 0x0000000082300000, 0x0000000082300000| Untracked 
|  18|0x0000000082400000, 0x0000000082400000, 0x0000000082500000|  0%| F|  |TAMS 0x0000000082400000, 0x0000000082400000| Untracked 
|  19|0x0000000082500000, 0x0000000082500000, 0x0000000082600000|  0%| F|  |TAMS 0x0000000082500000, 0x0000000082500000| Untracked 
|  20|0x0000000082600000, 0x0000000082600000, 0x0000000082700000|  0%| F|  |TAMS 0x0000000082600000, 0x0000000082600000| Untracked 
|  21|0x0000000082700000, 0x0000000082700000, 0x0000000082800000|  0%| F|  |TAMS 0x0000000082700000, 0x0000000082700000| Untracked 
|  22|0x0000000082800000, 0x0000000082800000, 0x0000000082900000|  0%| F|  |TAMS 0x0000000082800000, 0x0000000082800000| Untracked 
|  23|0x0000000082900000, 0x0000000082900000, 0x0000000082a00000|  0%| F|  |TAMS 0x0000000082900000, 0x0000000082900000| Untracked 
|  24|0x0000000082a00000, 0x0000000082a00000, 0x0000000082b00000|  0%| F|  |TAMS 0x0000000082a00000, 0x0000000082a00000| Untracked 
|  25|0x0000000082b00000, 0x0000000082b00000, 0x0000000082c00000|  0%| F|  |TAMS 0x0000000082b00000, 0x0000000082b00000| Untracked 
|  26|0x0000000082c00000, 0x0000000082c00000, 0x0000000082d00000|  0%| F|  |TAMS 0x0000000082c00000, 0x0000000082c00000| Untracked 
|  27|0x0000000082d00000, 0x0000000082d00000, 0x0000000082e00000|  0%| F|  |TAMS 0x0000000082d00000, 0x0000000082d00000| Untracked 
|  28|0x0000000082e00000, 0x0000000082e00000, 0x0000000082f00000|  0%| F|  |TAMS 0x0000000082e00000, 0x0000000082e00000| Untracked 
|  29|0x0000000082f00000, 0x0000000082f00000, 0x0000000083000000|  0%| F|  |TAMS 0x0000000082f00000, 0x0000000082f00000| Untracked 
|  30|0x0000000083000000, 0x0000000083000000, 0x0000000083100000|  0%| F|  |TAMS 0x0000000083000000, 0x0000000083000000| Untracked 
|  31|0x0000000083100000, 0x0000000083100000, 0x0000000083200000|  0%| F|  |TAMS 0x0000000083100000, 0x0000000083100000| Untracked 
|  32|0x0000000083200000, 0x0000000083200000, 0x0000000083300000|  0%| F|  |TAMS 0x0000000083200000, 0x0000000083200000| Untracked 
|  33|0x0000000083300000, 0x0000000083300000, 0x0000000083400000|  0%| F|  |TAMS 0x0000000083300000, 0x0000000083300000| Untracked 
|  34|0x0000000083400000, 0x0000000083400000, 0x0000000083500000|  0%| F|  |TAMS 0x0000000083400000, 0x0000000083400000| Untracked 
|  35|0x0000000083500000, 0x0000000083500000, 0x0000000083600000|  0%| F|  |TAMS 0x0000000083500000, 0x0000000083500000| Untracked 
|  36|0x0000000083600000, 0x0000000083600000, 0x0000000083700000|  0%| F|  |TAMS 0x0000000083600000, 0x0000000083600000| Untracked 
|  37|0x0000000083700000, 0x0000000083700000, 0x0000000083800000|  0%| F|  |TAMS 0x0000000083700000, 0x0000000083700000| Untracked 
|  38|0x0000000083800000, 0x0000000083800000, 0x0000000083900000|  0%| F|  |TAMS 0x0000000083800000, 0x0000000083800000| Untracked 
|  39|0x0000000083900000, 0x0000000083900000, 0x0000000083a00000|  0%| F|  |TAMS 0x0000000083900000, 0x0000000083900000| Untracked 
|  40|0x0000000083a00000, 0x0000000083a00000, 0x0000000083b00000|  0%| F|  |TAMS 0x0000000083a00000, 0x0000000083a00000| Untracked 
|  41|0x0000000083b00000, 0x0000000083b00000, 0x0000000083c00000|  0%| F|  |TAMS 0x0000000083b00000, 0x0000000083b00000| Untracked 
|  42|0x0000000083c00000, 0x0000000083c00000, 0x0000000083d00000|  0%| F|  |TAMS 0x0000000083c00000, 0x0000000083c00000| Untracked 
|  43|0x0000000083d00000, 0x0000000083d00000, 0x0000000083e00000|  0%| F|  |TAMS 0x0000000083d00000, 0x0000000083d00000| Untracked 
|  44|0x0000000083e00000, 0x0000000083e00000, 0x0000000083f00000|  0%| F|  |TAMS 0x0000000083e00000, 0x0000000083e00000| Untracked 
|  45|0x0000000083f00000, 0x0000000083f00000, 0x0000000084000000|  0%| F|  |TAMS 0x0000000083f00000, 0x0000000083f00000| Untracked 
|  46|0x0000000084000000, 0x0000000084000000, 0x0000000084100000|  0%| F|  |TAMS 0x0000000084000000, 0x0000000084000000| Untracked 
|  47|0x0000000084100000, 0x0000000084100000, 0x0000000084200000|  0%| F|  |TAMS 0x0000000084100000, 0x0000000084100000| Untracked 
|  48|0x0000000084200000, 0x0000000084200000, 0x0000000084300000|  0%| F|  |TAMS 0x0000000084200000, 0x0000000084200000| Untracked 
|  49|0x0000000084300000, 0x0000000084300000, 0x0000000084400000|  0%| F|  |TAMS 0x0000000084300000, 0x0000000084300000| Untracked 
|  50|0x0000000084400000, 0x0000000084400000, 0x0000000084500000|  0%| F|  |TAMS 0x0000000084400000, 0x0000000084400000| Untracked 
|  51|0x0000000084500000, 0x0000000084500000, 0x0000000084600000|  0%| F|  |TAMS 0x0000000084500000, 0x0000000084500000| Untracked 
|  52|0x0000000084600000, 0x0000000084600000, 0x0000000084700000|  0%| F|  |TAMS 0x0000000084600000, 0x0000000084600000| Untracked 
|  53|0x0000000084700000, 0x0000000084700000, 0x0000000084800000|  0%| F|  |TAMS 0x0000000084700000, 0x0000000084700000| Untracked 
|  54|0x0000000084800000, 0x0000000084800000, 0x0000000084900000|  0%| F|  |TAMS 0x0000000084800000, 0x0000000084800000| Untracked 
|  55|0x0000000084900000, 0x0000000084900000, 0x0000000084a00000|  0%| F|  |TAMS 0x0000000084900000, 0x0000000084900000| Untracked 
|  56|0x0000000084a00000, 0x0000000084a00000, 0x0000000084b00000|  0%| F|  |TAMS 0x0000000084a00000, 0x0000000084a00000| Untracked 
|  57|0x0000000084b00000, 0x0000000084b00000, 0x0000000084c00000|  0%| F|  |TAMS 0x0000000084b00000, 0x0000000084b00000| Untracked 
|  58|0x0000000084c00000, 0x0000000084c00000, 0x0000000084d00000|  0%| F|  |TAMS 0x0000000084c00000, 0x0000000084c00000| Untracked 
|  59|0x0000000084d00000, 0x0000000084d00000, 0x0000000084e00000|  0%| F|  |TAMS 0x0000000084d00000, 0x0000000084d00000| Untracked 
|  60|0x0000000084e00000, 0x0000000084e00000, 0x0000000084f00000|  0%| F|  |TAMS 0x0000000084e00000, 0x0000000084e00000| Untracked 
|  61|0x0000000084f00000, 0x0000000084f00000, 0x0000000085000000|  0%| F|  |TAMS 0x0000000084f00000, 0x0000000084f00000| Untracked 
|  62|0x0000000085000000, 0x0000000085000000, 0x0000000085100000|  0%| F|  |TAMS 0x0000000085000000, 0x0000000085000000| Untracked 
|  63|0x0000000085100000, 0x0000000085100000, 0x0000000085200000|  0%| F|  |TAMS 0x0000000085100000, 0x0000000085100000| Untracked 
|  64|0x0000000085200000, 0x0000000085200000, 0x0000000085300000|  0%| F|  |TAMS 0x0000000085200000, 0x0000000085200000| Untracked 
|  65|0x0000000085300000, 0x0000000085300000, 0x0000000085400000|  0%| F|  |TAMS 0x0000000085300000, 0x0000000085300000| Untracked 
|  66|0x0000000085400000, 0x0000000085400000, 0x0000000085500000|  0%| F|  |TAMS 0x0000000085400000, 0x0000000085400000| Untracked 
|  67|0x0000000085500000, 0x0000000085500000, 0x0000000085600000|  0%| F|  |TAMS 0x0000000085500000, 0x0000000085500000| Untracked 
|  68|0x0000000085600000, 0x0000000085600000, 0x0000000085700000|  0%| F|  |TAMS 0x0000000085600000, 0x0000000085600000| Untracked 
|  69|0x0000000085700000, 0x0000000085700000, 0x0000000085800000|  0%| F|  |TAMS 0x0000000085700000, 0x0000000085700000| Untracked 
|  70|0x0000000085800000, 0x0000000085800000, 0x0000000085900000|  0%| F|  |TAMS 0x0000000085800000, 0x0000000085800000| Untracked 
|  71|0x0000000085900000, 0x0000000085900000, 0x0000000085a00000|  0%| F|  |TAMS 0x0000000085900000, 0x0000000085900000| Untracked 
|  72|0x0000000085a00000, 0x0000000085a00000, 0x0000000085b00000|  0%| F|  |TAMS 0x0000000085a00000, 0x0000000085a00000| Untracked 
|  73|0x0000000085b00000, 0x0000000085b00000, 0x0000000085c00000|  0%| F|  |TAMS 0x0000000085b00000, 0x0000000085b00000| Untracked 
|  74|0x0000000085c00000, 0x0000000085c00000, 0x0000000085d00000|  0%| F|  |TAMS 0x0000000085c00000, 0x0000000085c00000| Untracked 
|  75|0x0000000085d00000, 0x0000000085d00000, 0x0000000085e00000|  0%| F|  |TAMS 0x0000000085d00000, 0x0000000085d00000| Untracked 
|  76|0x0000000085e00000, 0x0000000085e00000, 0x0000000085f00000|  0%| F|  |TAMS 0x0000000085e00000, 0x0000000085e00000| Untracked 
|  77|0x0000000085f00000, 0x0000000085f00000, 0x0000000086000000|  0%| F|  |TAMS 0x0000000085f00000, 0x0000000085f00000| Untracked 
|  78|0x0000000086000000, 0x0000000086000000, 0x0000000086100000|  0%| F|  |TAMS 0x0000000086000000, 0x0000000086000000| Untracked 
|  79|0x0000000086100000, 0x0000000086100000, 0x0000000086200000|  0%| F|  |TAMS 0x0000000086100000, 0x0000000086100000| Untracked 
|  80|0x0000000086200000, 0x0000000086200000, 0x0000000086300000|  0%| F|  |TAMS 0x0000000086200000, 0x0000000086200000| Untracked 
|  81|0x0000000086300000, 0x0000000086300000, 0x0000000086400000|  0%| F|  |TAMS 0x0000000086300000, 0x0000000086300000| Untracked 
|  82|0x0000000086400000, 0x0000000086400000, 0x0000000086500000|  0%| F|  |TAMS 0x0000000086400000, 0x0000000086400000| Untracked 
|  83|0x0000000086500000, 0x0000000086500000, 0x0000000086600000|  0%| F|  |TAMS 0x0000000086500000, 0x0000000086500000| Untracked 
|  84|0x0000000086600000, 0x0000000086600000, 0x0000000086700000|  0%| F|  |TAMS 0x0000000086600000, 0x0000000086600000| Untracked 
|  85|0x0000000086700000, 0x0000000086700000, 0x0000000086800000|  0%| F|  |TAMS 0x0000000086700000, 0x0000000086700000| Untracked 
|  86|0x0000000086800000, 0x0000000086800000, 0x0000000086900000|  0%| F|  |TAMS 0x0000000086800000, 0x0000000086800000| Untracked 
|  87|0x0000000086900000, 0x0000000086900000, 0x0000000086a00000|  0%| F|  |TAMS 0x0000000086900000, 0x0000000086900000| Untracked 
|  88|0x0000000086a00000, 0x0000000086a00000, 0x0000000086b00000|  0%| F|  |TAMS 0x0000000086a00000, 0x0000000086a00000| Untracked 
|  89|0x0000000086b00000, 0x0000000086b00000, 0x0000000086c00000|  0%| F|  |TAMS 0x0000000086b00000, 0x0000000086b00000| Untracked 
|  90|0x0000000086c00000, 0x0000000086c00000, 0x0000000086d00000|  0%| F|  |TAMS 0x0000000086c00000, 0x0000000086c00000| Untracked 
|  91|0x0000000086d00000, 0x0000000086d00000, 0x0000000086e00000|  0%| F|  |TAMS 0x0000000086d00000, 0x0000000086d00000| Untracked 
|  92|0x0000000086e00000, 0x0000000086e00000, 0x0000000086f00000|  0%| F|  |TAMS 0x0000000086e00000, 0x0000000086e00000| Untracked 
|  93|0x0000000086f00000, 0x0000000086f00000, 0x0000000087000000|  0%| F|  |TAMS 0x0000000086f00000, 0x0000000086f00000| Untracked 
|  94|0x0000000087000000, 0x0000000087000000, 0x0000000087100000|  0%| F|  |TAMS 0x0000000087000000, 0x0000000087000000| Untracked 
|  95|0x0000000087100000, 0x0000000087100000, 0x0000000087200000|  0%| F|  |TAMS 0x0000000087100000, 0x0000000087100000| Untracked 
|  96|0x0000000087200000, 0x0000000087200000, 0x0000000087300000|  0%| F|  |TAMS 0x0000000087200000, 0x0000000087200000| Untracked 
|  97|0x0000000087300000, 0x0000000087300000, 0x0000000087400000|  0%| F|  |TAMS 0x0000000087300000, 0x0000000087300000| Untracked 
|  98|0x0000000087400000, 0x0000000087400000, 0x0000000087500000|  0%| F|  |TAMS 0x0000000087400000, 0x0000000087400000| Untracked 
|  99|0x0000000087500000, 0x0000000087500000, 0x0000000087600000|  0%| F|  |TAMS 0x0000000087500000, 0x0000000087500000| Untracked 
| 100|0x0000000087600000, 0x0000000087600000, 0x0000000087700000|  0%| F|  |TAMS 0x0000000087600000, 0x0000000087600000| Untracked 
| 101|0x0000000087700000, 0x0000000087700000, 0x0000000087800000|  0%| F|  |TAMS 0x0000000087700000, 0x0000000087700000| Untracked 
| 102|0x0000000087800000, 0x0000000087800000, 0x0000000087900000|  0%| F|  |TAMS 0x0000000087800000, 0x0000000087800000| Untracked 
| 103|0x0000000087900000, 0x0000000087900000, 0x0000000087a00000|  0%| F|  |TAMS 0x0000000087900000, 0x0000000087900000| Untracked 
| 104|0x0000000087a00000, 0x0000000087a00000, 0x0000000087b00000|  0%| F|  |TAMS 0x0000000087a00000, 0x0000000087a00000| Untracked 
| 105|0x0000000087b00000, 0x0000000087b00000, 0x0000000087c00000|  0%| F|  |TAMS 0x0000000087b00000, 0x0000000087b00000| Untracked 
| 106|0x0000000087c00000, 0x0000000087c00000, 0x0000000087d00000|  0%| F|  |TAMS 0x0000000087c00000, 0x0000000087c00000| Untracked 
| 107|0x0000000087d00000, 0x0000000087d00000, 0x0000000087e00000|  0%| F|  |TAMS 0x0000000087d00000, 0x0000000087d00000| Untracked 
| 108|0x0000000087e00000, 0x0000000087e00000, 0x0000000087f00000|  0%| F|  |TAMS 0x0000000087e00000, 0x0000000087e00000| Untracked 
| 109|0x0000000087f00000, 0x0000000087f00000, 0x0000000088000000|  0%| F|  |TAMS 0x0000000087f00000, 0x0000000087f00000| Untracked 
| 110|0x0000000088000000, 0x0000000088000000, 0x0000000088100000|  0%| F|  |TAMS 0x0000000088000000, 0x0000000088000000| Untracked 
| 111|0x0000000088100000, 0x0000000088100000, 0x0000000088200000|  0%| F|  |TAMS 0x0000000088100000, 0x0000000088100000| Untracked 
| 112|0x0000000088200000, 0x0000000088200000, 0x0000000088300000|  0%| F|  |TAMS 0x0000000088200000, 0x0000000088200000| Untracked 
| 113|0x0000000088300000, 0x0000000088300000, 0x0000000088400000|  0%| F|  |TAMS 0x0000000088300000, 0x0000000088300000| Untracked 
| 114|0x0000000088400000, 0x0000000088400000, 0x0000000088500000|  0%| F|  |TAMS 0x0000000088400000, 0x0000000088400000| Untracked 
| 115|0x0000000088500000, 0x0000000088500000, 0x0000000088600000|  0%| F|  |TAMS 0x0000000088500000, 0x0000000088500000| Untracked 
| 116|0x0000000088600000, 0x0000000088600000, 0x0000000088700000|  0%| F|  |TAMS 0x0000000088600000, 0x0000000088600000| Untracked 
| 117|0x0000000088700000, 0x0000000088700000, 0x0000000088800000|  0%| F|  |TAMS 0x0000000088700000, 0x0000000088700000| Untracked 
| 118|0x0000000088800000, 0x0000000088800000, 0x0000000088900000|  0%| F|  |TAMS 0x0000000088800000, 0x0000000088800000| Untracked 
| 119|0x0000000088900000, 0x0000000088900000, 0x0000000088a00000|  0%| F|  |TAMS 0x0000000088900000, 0x0000000088900000| Untracked 
| 120|0x0000000088a00000, 0x0000000088a00000, 0x0000000088b00000|  0%| F|  |TAMS 0x0000000088a00000, 0x0000000088a00000| Untracked 
| 121|0x0000000088b00000, 0x0000000088b00000, 0x0000000088c00000|  0%| F|  |TAMS 0x0000000088b00000, 0x0000000088b00000| Untracked 
| 122|0x0000000088c00000, 0x0000000088c00000, 0x0000000088d00000|  0%| F|  |TAMS 0x0000000088c00000, 0x0000000088c00000| Untracked 
| 123|0x0000000088d00000, 0x0000000088d85a78, 0x0000000088e00000| 52%| E|  |TAMS 0x0000000088d00000, 0x0000000088d00000| Complete 
| 124|0x0000000088e00000, 0x0000000088f00000, 0x0000000088f00000|100%| E|CS|TAMS 0x0000000088e00000, 0x0000000088e00000| Complete 
| 125|0x0000000088f00000, 0x0000000089000000, 0x0000000089000000|100%| E|CS|TAMS 0x0000000088f00000, 0x0000000088f00000| Complete 
| 126|0x0000000089000000, 0x0000000089100000, 0x0000000089100000|100%| E|CS|TAMS 0x0000000089000000, 0x0000000089000000| Complete 
| 127|0x0000000089100000, 0x0000000089200000, 0x0000000089200000|100%| E|CS|TAMS 0x0000000089100000, 0x0000000089100000| Complete 

Card table byte_map: [0x000001b978590000,0x000001b978990000] _byte_map_base: 0x000001b978187000

Marking Bits (Prev, Next): (CMBitMap*) 0x000001b96d983118, (CMBitMap*) 0x000001b96d983158
 Prev Bits: [0x000001b978d90000, 0x000001b97ad48000)
 Next Bits: [0x000001b97ad50000, 0x000001b97cd08000)

Polling page: 0x000001b96d7a0000

Metaspace:

Usage:
  Non-class:      4.69 MB capacity,     4.59 MB ( 98%) used,    81.52 KB (  2%) free+waste,    15.63 KB ( <1%) overhead. 
      Class:    725.00 KB capacity,   601.01 KB ( 83%) used,   112.62 KB ( 16%) free+waste,    11.38 KB (  2%) overhead. 
       Both:      5.40 MB capacity,     5.18 MB ( 96%) used,   194.14 KB (  4%) free+waste,    27.00 KB ( <1%) overhead. 

Virtual space:
  Non-class space:        8.00 MB reserved,       4.75 MB ( 59%) committed 
      Class space:        1.00 GB reserved,     768.00 KB ( <1%) committed 
             Both:        1.01 GB reserved,       5.50 MB ( <1%) committed 

Chunk freelists:
   Non-Class:  0 bytes
       Class:  11.00 KB
        Both:  11.00 KB

MaxMetaspaceSize: 17179869184.00 GB
CompressedClassSpaceSize: 1.00 GB

CodeHeap 'non-profiled nmethods': size=120000Kb used=147Kb max_used=147Kb free=119852Kb
 bounds [0x000001b907ad0000, 0x000001b907d40000, 0x000001b90f000000]
CodeHeap 'profiled nmethods': size=120000Kb used=825Kb max_used=825Kb free=119174Kb
 bounds [0x000001b9005a0000, 0x000001b900810000, 0x000001b907ad0000]
CodeHeap 'non-nmethods': size=5760Kb used=1306Kb max_used=1321Kb free=4453Kb
 bounds [0x000001b900000000, 0x000001b900270000, 0x000001b9005a0000]
 total_blobs=1366 nmethods=525 adapters=404
 compilation: enabled
              stopped_count=0, restarted_count=0
 full_count=0

Compilation events (20 events):
Event: 0.743 Thread 0x000001b97f37f000  513       3       java.lang.invoke.InvokerBytecodeGenerator::emitStoreResult (27 bytes)
Event: 0.743 Thread 0x000001b97f37e000 nmethod 511 0x000001b907af4010 code [0x000001b907af4180, 0x000001b907af4298]
Event: 0.743 Thread 0x000001b97f37f000 nmethod 513 0x000001b900665890 code [0x000001b900665a60, 0x000001b900665dd8]
Event: 0.743 Thread 0x000001b97f37f000  514       3       java.lang.invoke.LambdaForm$NamedFunction::member (26 bytes)
Event: 0.743 Thread 0x000001b97f37f000 nmethod 514 0x000001b900665f90 code [0x000001b900666120, 0x000001b900666258]
Event: 0.743 Thread 0x000001b97f37f000  517       3       java.util.ArrayList::add (25 bytes)
Event: 0.744 Thread 0x000001b97f37f000 nmethod 517 0x000001b900666310 code [0x000001b9006664e0, 0x000001b900666948]
Event: 0.744 Thread 0x000001b97f37f000  515       3       java.lang.invoke.InvokerBytecodeGenerator::isStaticallyInvocable (165 bytes)
Event: 0.744 Thread 0x000001b97f37e000  519       4       jdk.internal.org.objectweb.asm.ByteVector::putShort (52 bytes)
Event: 0.745 Thread 0x000001b97f37e000 nmethod 519 0x000001b907af4310 code [0x000001b907af44c0, 0x000001b907af46b8]
Event: 0.746 Thread 0x000001b97f37f000 nmethod 515 0x000001b900666b10 code [0x000001b900666fc0, 0x000001b900669398]
Event: 0.746 Thread 0x000001b97f37f000  520       3       java.lang.invoke.LambdaFormBuffer::ownedCount (7 bytes)
Event: 0.746 Thread 0x000001b97f37f000 nmethod 520 0x000001b900669d90 code [0x000001b900669f20, 0x000001b90066a038]
Event: 0.746 Thread 0x000001b97f37f000  518       3       java.util.ArrayList::add (23 bytes)
Event: 0.746 Thread 0x000001b97f37f000 nmethod 518 0x000001b90066a110 code [0x000001b90066a2e0, 0x000001b90066a6c8]
Event: 0.746 Thread 0x000001b97f37f000  516       3       jdk.internal.org.objectweb.asm.MethodWriter::visitAnnotation (73 bytes)
Event: 0.747 Thread 0x000001b97f37f000 nmethod 516 0x000001b90066a890 code [0x000001b90066aac0, 0x000001b90066b2a8]
Event: 0.747 Thread 0x000001b97f37f000  521       3       jdk.internal.org.objectweb.asm.MethodWriter::visitInsn (115 bytes)
Event: 0.747 Thread 0x000001b97f37f000 nmethod 521 0x000001b90066b590 code [0x000001b90066b780, 0x000001b90066bbc8]
Event: 0.747 Thread 0x000001b97f37f000  522       3       java.lang.invoke.InvokerBytecodeGenerator::emitReferenceCast (192 bytes)

GC Heap History (0 events):
No events

Deoptimization events (8 events):
Event: 0.279 Thread 0x000001b96d93f000 Uncommon trap: trap_request=0xffffff45 fr.pc=0x000001b907ad4948 relative=0x0000000000000268
Event: 0.279 Thread 0x000001b96d93f000 Uncommon trap: reason=unstable_if action=reinterpret pc=0x000001b907ad4948 method=java.lang.String.hashCode()I @ 42 c2
Event: 0.279 Thread 0x000001b96d93f000 DEOPT PACKING pc=0x000001b907ad4948 sp=0x000000676cffd5c0
Event: 0.279 Thread 0x000001b96d93f000 DEOPT UNPACKING pc=0x000001b90004912f sp=0x000000676cffd558 mode 2
Event: 0.737 Thread 0x000001b96d93f000 Uncommon trap: trap_request=0xffffffe5 fr.pc=0x000001b907aec89c relative=0x00000000000001dc
Event: 0.737 Thread 0x000001b96d93f000 Uncommon trap: reason=range_check action=reinterpret pc=0x000001b907aec89c method=java.lang.StringLatin1.indexOf([BII)I @ 13 c2
Event: 0.737 Thread 0x000001b96d93f000 DEOPT PACKING pc=0x000001b907aec89c sp=0x000000676cffc7a0
Event: 0.737 Thread 0x000001b96d93f000 DEOPT UNPACKING pc=0x000001b90004912f sp=0x000000676cffc720 mode 2

Classes unloaded (0 events):
No events

Classes redefined (0 events):
No events

Internal exceptions (14 events):
Event: 0.326 Thread 0x000001b96d93f000 Exception <a 'java/lang/ClassNotFoundException'{0x0000000089031950}: sun/awt/resources/spi/awtProvider> (0x0000000089031950) 
thrown [./src/hotspot/share/classfile/systemDictionary.cpp, line 226]
Event: 0.409 Thread 0x000001b96d93f000 Exception <a 'java/io/FileNotFoundException'{0x0000000089086b30}> (0x0000000089086b30) 
thrown [./src/hotspot/share/prims/jni.cpp, line 599]
Event: 0.419 Thread 0x000001b96d93f000 Exception <a 'java/io/FileNotFoundException'{0x00000000890ad118}> (0x00000000890ad118) 
thrown [./src/hotspot/share/prims/jni.cpp, line 599]
Event: 0.488 Thread 0x000001b90f137000 Exception <a 'java/lang/NoSuchMethodError'{0x0000000088f48000}: 'void java.lang.invoke.DirectMethodHandle$Holder.invokeSpecial(java.lang.Object, java.lang.Object)'> (0x0000000088f48000) 
thrown [./src/hotspot/share/interpreter/linkResolver.cpp, line 766]
Event: 0.532 Thread 0x000001b96d93f000 Exception <a 'java/lang/NoSuchMethodError'{0x0000000088fb0c48}: 'java.lang.Object java.lang.invoke.DirectMethodHandle$Holder.invokeStatic(java.lang.Object, int, java.lang.Object, java.lang.Object, java.lang.Object, java.lang.Object)'> (0x0000000088fb0c48) 
thrown [./src/hotspot/share/interpreter/linkResolver.cpp, line 766]
Event: 0.534 Thread 0x000001b96d93f000 Exception <a 'java/lang/NoSuchMethodError'{0x0000000088fb7568}: 'java.lang.Object java.lang.invoke.DirectMethodHandle$Holder.invokeStatic(java.lang.Object, int, java.lang.Object, java.lang.Object, java.lang.Object)'> (0x0000000088fb7568) 
thrown [./src/hotspot/share/interpreter/linkResolver.cpp, line 766]
Event: 0.534 Thread 0x000001b96d93f000 Exception <a 'java/lang/NoSuchMethodError'{0x0000000088fbadb8}: 'java.lang.Object java.lang.invoke.DirectMethodHandle$Holder.invokeSpecial(java.lang.Object, java.lang.Object, int, java.lang.Object, java.lang.Object, java.lang.Object)'> (0x0000000088fbadb8) 
thrown [./src/hotspot/share/interpreter/linkResolver.cpp, line 766]
Event: 0.538 Thread 0x000001b96d93f000 Exception <a 'java/lang/NoSuchMethodError'{0x0000000088fd1540}: 'java.lang.Object java.lang.invoke.DirectMethodHandle$Holder.invokeStatic(java.lang.Object, int, java.lang.Object)'> (0x0000000088fd1540) 
thrown [./src/hotspot/share/interpreter/linkResolver.cpp, line 766]
Event: 0.563 Thread 0x000001b96d93f000 Exception <a 'java/lang/ClassNotFoundException'{0x0000000088e751f8}: com/sun/swing/internal/plaf/metal/resources/spi/metalProvider> (0x0000000088e751f8) 
thrown [./src/hotspot/share/classfile/systemDictionary.cpp, line 226]
Event: 0.565 Thread 0x000001b96d93f000 Exception <a 'java/lang/ClassNotFoundException'{0x0000000088e79eb8}: com/sun/swing/internal/plaf/basic/resources/spi/basicProvider> (0x0000000088e79eb8) 
thrown [./src/hotspot/share/classfile/systemDictionary.cpp, line 226]
Event: 0.615 Thread 0x000001b96d93f000 Exception <a 'java/lang/NoSuchMethodError'{0x0000000088eb8fc8}: 'void java.lang.invoke.DirectMethodHandle$Holder.invokeStaticInit(java.lang.Object)'> (0x0000000088eb8fc8) 
thrown [./src/hotspot/share/interpreter/linkResolver.cpp, line 766]
Event: 0.697 Thread 0x000001b96d93f000 Exception <a 'java/io/FileNotFoundException'{0x0000000088ec5af0}> (0x0000000088ec5af0) 
thrown [./src/hotspot/share/prims/jni.cpp, line 599]
Event: 0.697 Thread 0x000001b96d93f000 Exception <a 'java/lang/NullPointerException'{0x0000000088ec63e0}> (0x0000000088ec63e0) 
thrown [./src/hotspot/share/interpreter/linkResolver.cpp, line 1348]
Event: 0.747 Thread 0x000001b96d93f000 Exception <a 'java/lang/NoSuchMethodError'{0x0000000088d4fc00}: 'java.lang.Object java.lang.invoke.Invokers$Holder.linkToTargetMethod(java.lang.Object, int, java.lang.Object)'> (0x0000000088d4fc00) 
thrown [./src/hotspot/share/interpreter/linkResolver.cpp, line 766]

Events (20 events):
Event: 0.739 loading class sun/awt/FontConfiguration$2
Event: 0.739 loading class sun/awt/FontConfiguration$2 done
Event: 0.739 loading class sun/awt/windows/WDefaultFontCharset
Event: 0.740 loading class sun/awt/AWTCharset
Event: 0.740 loading class sun/awt/AWTCharset done
Event: 0.740 loading class sun/awt/windows/WDefaultFontCharset done
Event: 0.740 loading class sun/awt/windows/WDefaultFontCharset$Encoder
Event: 0.740 loading class sun/awt/AWTCharset$Encoder
Event: 0.740 loading class sun/awt/AWTCharset$Encoder done
Event: 0.740 loading class sun/awt/windows/WDefaultFontCharset$Encoder done
Event: 0.741 loading class java/io/ByteArrayOutputStream
Event: 0.741 loading class java/io/ByteArrayOutputStream done
Event: 0.741 loading class sun/awt/windows/WingDings
Event: 0.741 loading class sun/awt/windows/WingDings done
Event: 0.741 loading class sun/awt/windows/WingDings$Encoder
Event: 0.742 loading class sun/awt/windows/WingDings$Encoder done
Event: 0.742 loading class sun/awt/Symbol
Event: 0.742 loading class sun/awt/Symbol done
Event: 0.742 loading class sun/awt/Symbol$Encoder
Event: 0.742 loading class sun/awt/Symbol$Encoder done


Dynamic libraries:
0x00007ff69b8e0000 - 0x00007ff69b8ed000 	C:\Program Files\AdoptOpenJDK\jdk-14.0.1.7-hotspot\bin\java.exe
0x00007ffa98040000 - 0x00007ffa98230000 	C:\WINDOWS\SYSTEM32\ntdll.dll
0x00007ffa97ac0000 - 0x00007ffa97b72000 	C:\WINDOWS\System32\KERNEL32.DLL
0x00007ffa95bf0000 - 0x00007ffa95e93000 	C:\WINDOWS\System32\KERNELBASE.dll
0x00007ffa957d0000 - 0x00007ffa958ca000 	C:\WINDOWS\System32\ucrtbase.dll
0x00007ffa81530000 - 0x00007ffa81545000 	C:\Program Files\AdoptOpenJDK\jdk-14.0.1.7-hotspot\bin\VCRUNTIME140.dll
0x00007ffa81740000 - 0x00007ffa81758000 	C:\Program Files\AdoptOpenJDK\jdk-14.0.1.7-hotspot\bin\jli.dll
0x00007ffa97850000 - 0x00007ffa979e4000 	C:\WINDOWS\System32\USER32.dll
0x00007ffa960c0000 - 0x00007ffa960e1000 	C:\WINDOWS\System32\win32u.dll
0x00007ffa973f0000 - 0x00007ffa97416000 	C:\WINDOWS\System32\GDI32.dll
0x00007ffa95a50000 - 0x00007ffa95be4000 	C:\WINDOWS\System32\gdi32full.dll
0x00007ffa74030000 - 0x00007ffa742b5000 	C:\WINDOWS\WinSxS\amd64_microsoft.windows.common-controls_6595b64144ccf1df_6.0.18362.778_none_e6c6b761130d4fb8\COMCTL32.dll
0x00007ffa96020000 - 0x00007ffa960be000 	C:\WINDOWS\System32\msvcp_win.dll
0x00007ffa97020000 - 0x00007ffa970be000 	C:\WINDOWS\System32\msvcrt.dll
0x00007ffa97420000 - 0x00007ffa97756000 	C:\WINDOWS\System32\combase.dll
0x00007ffa971b0000 - 0x00007ffa972d0000 	C:\WINDOWS\System32\RPCRT4.dll
0x00007ffa94fd0000 - 0x00007ffa95050000 	C:\WINDOWS\System32\bcryptPrimitives.dll
0x00007ffa96e40000 - 0x00007ffa96e6e000 	C:\WINDOWS\System32\IMM32.DLL
0x00007ffa768a0000 - 0x00007ffa7693b000 	C:\Program Files\AdoptOpenJDK\jdk-14.0.1.7-hotspot\bin\msvcp140.dll
0x00007ffa21ae0000 - 0x00007ffa2268c000 	C:\Program Files\AdoptOpenJDK\jdk-14.0.1.7-hotspot\bin\server\jvm.dll
0x00007ffa96a30000 - 0x00007ffa96ad3000 	C:\WINDOWS\System32\ADVAPI32.dll
0x00007ffa96da0000 - 0x00007ffa96e37000 	C:\WINDOWS\System32\sechost.dll
0x00007ffa97b80000 - 0x00007ffa97b88000 	C:\WINDOWS\System32\PSAPI.DLL
0x00007ffa924e0000 - 0x00007ffa924e9000 	C:\WINDOWS\SYSTEM32\WSOCK32.dll
0x00007ffa92a50000 - 0x00007ffa92a74000 	C:\WINDOWS\SYSTEM32\WINMM.dll
0x00007ffa97380000 - 0x00007ffa973ef000 	C:\WINDOWS\System32\WS2_32.dll
0x00007ffa7f790000 - 0x00007ffa7f79a000 	C:\WINDOWS\SYSTEM32\VERSION.dll
0x00007ffa92a20000 - 0x00007ffa92a4d000 	C:\WINDOWS\SYSTEM32\winmmbase.dll
0x00007ffa958d0000 - 0x00007ffa9591a000 	C:\WINDOWS\System32\cfgmgr32.dll
0x00007ffa94f10000 - 0x00007ffa94f21000 	C:\WINDOWS\System32\kernel.appcore.dll
0x00007ffa90df0000 - 0x00007ffa90dfa000 	C:\Program Files\AdoptOpenJDK\jdk-14.0.1.7-hotspot\bin\jimage.dll
0x00007ffa93620000 - 0x00007ffa93814000 	C:\WINDOWS\SYSTEM32\DBGHELP.DLL
0x00007ffa7dce0000 - 0x00007ffa7dd0a000 	C:\WINDOWS\SYSTEM32\dbgcore.DLL
0x00007ffa769a0000 - 0x00007ffa769d8000 	C:\Program Files\AdoptOpenJDK\jdk-14.0.1.7-hotspot\bin\jdwp.dll
0x00007ffa7f690000 - 0x00007ffa7f6b5000 	C:\Program Files\AdoptOpenJDK\jdk-14.0.1.7-hotspot\bin\java.dll
0x00007ffa814f0000 - 0x00007ffa81506000 	C:\Program Files\AdoptOpenJDK\jdk-14.0.1.7-hotspot\bin\zip.dll
0x00007ffa96340000 - 0x00007ffa96a25000 	C:\WINDOWS\System32\SHELL32.dll
0x00007ffa96c20000 - 0x00007ffa96cc9000 	C:\WINDOWS\System32\shcore.dll
0x00007ffa95050000 - 0x00007ffa957d0000 	C:\WINDOWS\System32\windows.storage.dll
0x00007ffa94fa0000 - 0x00007ffa94fc3000 	C:\WINDOWS\System32\profapi.dll
0x00007ffa94f30000 - 0x00007ffa94f7a000 	C:\WINDOWS\System32\powrprof.dll
0x00007ffa94f00000 - 0x00007ffa94f10000 	C:\WINDOWS\System32\UMPDC.dll
0x00007ffa96250000 - 0x00007ffa962a2000 	C:\WINDOWS\System32\shlwapi.dll
0x00007ffa95a30000 - 0x00007ffa95a47000 	C:\WINDOWS\System32\cryptsp.dll
0x00007ffa7ca60000 - 0x00007ffa7ca6b000 	C:\Program Files\AdoptOpenJDK\jdk-14.0.1.7-hotspot\bin\dt_socket.dll
0x00007ffa94480000 - 0x00007ffa944ba000 	C:\WINDOWS\SYSTEM32\IPHLPAPI.DLL
0x00007ffa94770000 - 0x00007ffa947d7000 	C:\WINDOWS\system32\mswsock.dll
0x00007ffa944c0000 - 0x00007ffa9458a000 	C:\WINDOWS\SYSTEM32\DNSAPI.dll
0x00007ffa96310000 - 0x00007ffa96318000 	C:\WINDOWS\System32\NSI.dll
0x00007ffa8bdc0000 - 0x00007ffa8bdca000 	C:\Windows\System32\rasadhlp.dll
0x00007ffa83bb0000 - 0x00007ffa83c27000 	C:\WINDOWS\System32\fwpuclnt.dll
0x00007ffa95ea0000 - 0x00007ffa95ec6000 	C:\WINDOWS\System32\bcrypt.dll
0x00007ffa2c0b0000 - 0x00007ffa2c247000 	C:\Program Files\AdoptOpenJDK\jdk-14.0.1.7-hotspot\bin\awt.dll
0x00007ffa979f0000 - 0x00007ffa97ab4000 	C:\WINDOWS\System32\OLEAUT32.dll
0x00007ffa92c10000 - 0x00007ffa92c9f000 	C:\WINDOWS\SYSTEM32\apphelp.dll
0x00007ffa93130000 - 0x00007ffa9315d000 	C:\WINDOWS\system32\DWMAPI.DLL
0x00007ffa92de0000 - 0x00007ffa92e79000 	C:\WINDOWS\system32\uxtheme.dll
0x00007ffa2aa90000 - 0x00007ffa2abe6000 	C:\WINDOWS\system32\opengl32.dll
0x00007ffa78270000 - 0x00007ffa7829c000 	C:\WINDOWS\SYSTEM32\GLU32.dll
0x00007ffa93b70000 - 0x00007ffa93b90000 	C:\WINDOWS\SYSTEM32\dxcore.dll
0x00007ffa96ae0000 - 0x00007ffa96c16000 	C:\WINDOWS\System32\MSCTF.dll
0x00007ffa960f0000 - 0x00007ffa96247000 	C:\WINDOWS\System32\ole32.dll
0x00007ffa60c40000 - 0x00007ffa60cc2000 	C:\Program Files\AdoptOpenJDK\jdk-14.0.1.7-hotspot\bin\freetype.dll
0x00007ffa60b70000 - 0x00007ffa60c16000 	C:\Program Files\AdoptOpenJDK\jdk-14.0.1.7-hotspot\bin\fontmanager.dll

dbghelp: loaded successfully - version: 4.0.5 - missing functions: none
symbol engine: initialized successfully - sym options: 0x614 - pdb path: .;C:\Program Files\AdoptOpenJDK\jdk-14.0.1.7-hotspot\bin;C:\WINDOWS\SYSTEM32;C:\WINDOWS\WinSxS\amd64_microsoft.windows.common-controls_6595b64144ccf1df_6.0.18362.778_none_e6c6b761130d4fb8;C:\Program Files\AdoptOpenJDK\jdk-14.0.1.7-hotspot\bin\server

VM Arguments:
jvm_args: -agentlib:jdwp=transport=dt_socket,server=n,suspend=y,address=localhost:54367 --enable-preview -Dfile.encoding=UTF-8 
java_command: P6_Gui
java_class_path (initial): C:\Users\yuuta\AppData\Roaming\Code\User\workspaceStorage\829b8c78e3fa5054fb6d7d7d6aa64697\redhat.java\jdt_ws\20200612_a89bac02\bin
Launcher Type: SUN_STANDARD

[Global flags]
     intx CICompilerCount                          = 3                                         {product} {ergonomic}
     uint ConcGCThreads                            = 1                                         {product} {ergonomic}
     uint G1ConcRefinementThreads                  = 4                                         {product} {ergonomic}
   size_t G1HeapRegionSize                         = 1048576                                   {product} {ergonomic}
    uintx GCDrainStackTargetSize                   = 64                                        {product} {ergonomic}
   size_t InitialHeapSize                          = 134217728                                 {product} {ergonomic}
   size_t MarkStackSize                            = 4194304                                   {product} {ergonomic}
   size_t MaxHeapSize                              = 2128609280                                {product} {ergonomic}
   size_t MaxNewSize                               = 1277165568                                {product} {ergonomic}
   size_t MinHeapDeltaBytes                        = 1048576                                   {product} {ergonomic}
   size_t MinHeapSize                              = 8388608                                   {product} {ergonomic}
    uintx NonNMethodCodeHeapSize                   = 5832780                                {pd product} {ergonomic}
    uintx NonProfiledCodeHeapSize                  = 122912730                              {pd product} {ergonomic}
    uintx ProfiledCodeHeapSize                     = 122912730                              {pd product} {ergonomic}
    uintx ReservedCodeCacheSize                    = 251658240                              {pd product} {ergonomic}
     bool SegmentedCodeCache                       = true                                      {product} {ergonomic}
   size_t SoftMaxHeapSize                          = 2128609280                             {manageable} {ergonomic}
     bool UseCompressedClassPointers               = true                                 {lp64_product} {ergonomic}
     bool UseCompressedOops                        = true                                 {lp64_product} {ergonomic}
     bool UseG1GC                                  = true                                      {product} {ergonomic}
     bool UseLargePagesIndividualAllocation        = false                                  {pd product} {ergonomic}

Logging:
Log output configuration:
 #0: stdout all=warning uptime,level,tags
 #1: stderr all=off uptime,level,tags

Environment Variables:
JAVA_HOME=C:\Program Files\AdoptOpenJDK\jdk-14.0.1.7-hotspot\
PATH=C:\Program Files\AdoptOpenJDK\jdk-14.0.1.7-hotspot\bin;C:\Python38\Scripts\;C:\Python38\;C:\MinGW\bin\System32;C:\MinGW\bin;C:\ProgramData\chocolatey\bin;C:\Program Files\nodejs\;C:\Windows\System32;C:\Program Files\Git\cmd;C:\Program Files\Git\mingw64\bin;C:\Program Files\Git\usr\bin;C:\Users\yuuta\.cargo\bin;C:\Ruby24-x64\bin;C:\Users\yuuta\AppData\Local\Programs\Python\Python37-32\Scripts\;C:\Users\yuuta\AppData\Local\Programs\Python\Python37-32\;C:\Users\yuuta\Anaconda3;C:\Users\yuuta\Anaconda3\Library\mingw-w64\bin;C:\Users\yuuta\Anaconda3\Library\usr\bin;C:\Users\yuuta\Anaconda3\Library\bin;C:\Users\yuuta\Anaconda3\Scripts;C:\Users\yuuta\es6_sample\node_modules\.bin\babel;C:\Users\yuuta\AppData\Local\atom\bin;C:\Users\yuuta\AppData\Local\Programs\Microsoft VS Code\bin;C:\Users\yuuta\AppData\Local\Microsoft\WindowsApps;C:\Users\yuuta\deverop\node_modules\yarn\bin;C:\MinGW\bin;C:\Users\yuuta\AppData\Roaming\npm;C:\Users\yuuta\AppData\Local\GitHubDesktop\bin
USERNAME=yuuta
OS=Windows_NT
PROCESSOR_IDENTIFIER=Intel64 Family 6 Model 142 Stepping 9, GenuineIntel



---------------  S Y S T E M  ---------------

OS: Windows 10 , 64 bit Build 18362 (10.0.18362.778)
OS uptime: 0 days 7:26 hours

CPU:total 4 (initial active 4) (2 cores per cpu, 2 threads per core) family 6 model 142 stepping 9, cmov, cx8, fxsr, mmx, sse, sse2, sse3, ssse3, sse4.1, sse4.2, popcnt, avx, avx2, aes, clmul, erms, 3dnowpref, lzcnt, ht, tsc, tscinvbit, bmi1, bmi2, adx, fma

Memory: 4k page, system-wide physical 8117M (2013M free)
TotalPageFile size 19893M (AvailPageFile size 9789M)
current process WorkingSet (physical memory assigned to process): 47M, peak: 47M
current process commit charge ("private bytes"): 211M, peak: 211M

vm_info: OpenJDK 64-Bit Server VM (14.0.1+7) for windows-amd64 JRE (14.0.1+7), built on Apr 22 2020 14:10:56 by "" with MS VC++ 15.9 (VS2017)

END.
