#
# A fatal error has been detected by the Java Runtime Environment:
#
#  EXCEPTION_ACCESS_VIOLATION (0xc0000005) at pc=0x00007ff9df32f74a, pid=14140, tid=3120
#
# JRE version: OpenJDK Runtime Environment AdoptOpenJDK (14.0.1+7) (build 14.0.1+7)
# Java VM: OpenJDK 64-Bit Server VM AdoptOpenJDK (14.0.1+7, mixed mode, sharing, tiered, compressed oops, g1 gc, windows-amd64)
# Problematic frame:
# C  [awt.dll+0x8f74a]
#
# No core dump will be written. Minidumps are not enabled by default on client versions of Windows
#
# If you would like to submit a bug report, please visit:
#   https://github.com/AdoptOpenJDK/openjdk-support/issues
# The crash happened outside the Java Virtual Machine in native code.
# See problematic frame for where to report the bug.
#

---------------  S U M M A R Y ------------

Command Line: -Dfile.encoding=UTF-8 GuiCircle2

Host: Intel(R) Core(TM) i5-7200U CPU @ 2.50GHz, 4 cores, 7G,  Windows 10 , 64 bit Build 18362 (10.0.18362.778)
Time: Thu May 21 14:10:03 2020 ???? (?W?€??) elapsed time: 0 seconds (0d 0h 0m 0s)

---------------  T H R E A D  ---------------

Current thread (0x0000022205ebb800):  JavaThread "main" [_thread_in_native, id=3120, stack(0x000000bbfc600000,0x000000bbfc700000)]

Stack: [0x000000bbfc600000,0x000000bbfc700000],  sp=0x000000bbfc6fe800,  free space=1018k
Native frames: (J=compiled Java code, j=interpreted, Vv=VM code, C=native code)
C  [awt.dll+0x8f74a]

Java frames: (J=compiled Java code, j=interpreted, Vv=VM code)
j  sun.awt.windows.WComponentPeer._setFont(Ljava/awt/Font;)V+0 java.desktop@14.0.1
j  sun.awt.windows.WComponentPeer.setFont(Ljava/awt/Font;)V+7 java.desktop@14.0.1
j  sun.awt.windows.WWindowPeer.initialize()V+42 java.desktop@14.0.1
j  sun.awt.windows.WFramePeer.initialize()V+1 java.desktop@14.0.1
j  sun.awt.windows.WComponentPeer.<init>(Ljava/awt/Component;)V+83 java.desktop@14.0.1
j  sun.awt.windows.WCanvasPeer.<init>(Ljava/awt/Component;)V+2 java.desktop@14.0.1
j  sun.awt.windows.WPanelPeer.<init>(Ljava/awt/Component;)V+2 java.desktop@14.0.1
j  sun.awt.windows.WWindowPeer.<init>(Ljava/awt/Window;)V+2 java.desktop@14.0.1
j  sun.awt.windows.WFramePeer.<init>(Ljava/awt/Frame;)V+2 java.desktop@14.0.1
j  sun.awt.windows.WToolkit.createFrame(Ljava/awt/Frame;)Ljava/awt/peer/FramePeer;+5 java.desktop@14.0.1
j  java.awt.Frame.addNotify()V+20 java.desktop@14.0.1
j  java.awt.Window.show()V+8 java.desktop@14.0.1
j  java.awt.Component.show(Z)V+5 java.desktop@14.0.1
j  java.awt.Component.setVisible(Z)V+2 java.desktop@14.0.1
j  java.awt.Window.setVisible(Z)V+2 java.desktop@14.0.1
j  GuiCircle2.<init>()V+45
j  GuiCircle2.main([Ljava/lang/String;)V+4
v  ~StubRoutines::call_stub

siginfo: EXCEPTION_ACCESS_VIOLATION (0xc0000005), reading address 0x0000000000000058


Register to memory mapping:

RIP=0x00007ff9df32f74a awt.dll
RAX=0x00007ff9df3aa660 awt.dll
RBX=0x0000022205ebbb10 points into unknown readable memory: 50 3c b4 ce f9 7f 00 00
RCX=0x00000222255ce030 points into unknown readable memory: 60 a6 3a df f9 7f 00 00
RDX=0x0 is NULL
RSP=0x000000bbfc6fe800 is pointing into the stack for thread: 0x0000022205ebb800
RBP=0x0 is NULL
RSI=0x00000222255cd330 is a global jni handle
RDI=0x00000222255cd338 is a global jni handle
R8 =0x0000000000000042 is an unknown value
R9 =0x0000000800b47988 is a pointer to class: 
java.awt.Font {0x0000000800b47990}
R10=0x0000000000008000 is an unknown value
R11=0x000000bbfc6fe800 is pointing into the stack for thread: 0x0000022205ebb800
R12=0x0 is NULL
R13={method} {0x0000022224ae0128} '_setFont' '(Ljava/awt/Font;)V' in 'sun/awt/windows/WComponentPeer'
R14=0x00000222255ce030 points into unknown readable memory: 60 a6 3a df f9 7f 00 00
R15=0x00000222270830b0 points into unknown readable memory: 30 d3 5c 25 22 02 00 00


Registers:
RAX=0x00007ff9df3aa660, RBX=0x0000022205ebbb10, RCX=0x00000222255ce030, RDX=0x0000000000000000
RSP=0x000000bbfc6fe800, RBP=0x0000000000000000, RSI=0x00000222255cd330, RDI=0x00000222255cd338
R8 =0x0000000000000042, R9 =0x0000000800b47988, R10=0x0000000000008000, R11=0x000000bbfc6fe800
R12=0x0000000000000000, R13=0x0000022224ae0120, R14=0x00000222255ce030, R15=0x00000222270830b0
RIP=0x00007ff9df32f74a, EFLAGS=0x0000000000010206

Top of Stack: (sp=0x000000bbfc6fe800)
0x000000bbfc6fe800:   00000222270830b0 00000222255ce030
0x000000bbfc6fe810:   00000222270830b0 00000222255ce030
0x000000bbfc6fe820:   00000222255cd338 00007ff9df334655
0x000000bbfc6fe830:   0000022205ebbb10 0000022205ebbb10
0x000000bbfc6fe840:   0000000000000000 00000222255cd330
0x000000bbfc6fe850:   0000022205ebb800 000000bbfc6fe9a0
0x000000bbfc6fe860:   00000222270830b0 00007ff9df36d59b
0x000000bbfc6fe870:   00007ff9df3ef018 000000bbfc6fe978
0x000000bbfc6fe880:   00007ff9df334528 0000000000000000
0x000000bbfc6fe890:   fffffffffffffffe fffffffffffffffe
0x000000bbfc6fe8a0:   00000222255cd330 00007ff9df33581c
0x000000bbfc6fe8b0:   00000222255cd338 000000bbfc6fe998
0x000000bbfc6fe8c0:   000000bbfc6fe998 00007ff9df3ef018
0x000000bbfc6fe8d0:   fffffffffffffffe 00007ff9ce6b63f9
0x000000bbfc6fe8e0:   000002220e92a1b3 000002220e9300b4
0x000000bbfc6fe8f0:   0000022224ae0120 0000000000000000 

Instructions: (pc=0x00007ff9df32f74a)
0x00007ff9df32f64a:   00 48 8b d9 e8 d9 dc ff ff 48 8b f8 48 85 c0 75
0x00007ff9df32f65a:   04 48 8b 7b 48 48 8b cf e8 93 15 05 00 48 8b d8
0x00007ff9df32f66a:   48 85 c0 74 60 83 64 24 20 00 0f 57 c0 83 64 24
0x00007ff9df32f67a:   34 00 b9 11 00 00 00 83 64 24 38 00 f3 0f 7f 44
0x00007ff9df32f68a:   24 24 ff 15 86 bc 0b 00 4c 8d 44 24 40 ba 5c 00
0x00007ff9df32f69a:   00 00 48 8b c8 ff 15 2b bf 0b 00 83 f8 5c 75 0d
0x00007ff9df32f6aa:   48 8d 54 24 40 48 8b cb e8 f2 15 05 00 48 8d 54
0x00007ff9df32f6ba:   24 20 48 8b cb e8 09 16 05 00 48 8b d3 48 8b cf
0x00007ff9df32f6ca:   e8 b6 15 05 00 48 8b 8c 24 a0 00 00 00 48 33 cc
0x00007ff9df32f6da:   e8 e1 22 05 00 48 8b 9c 24 c8 00 00 00 48 81 c4
0x00007ff9df32f6ea:   b0 00 00 00 5f c3 40 53 48 83 ec 20 48 8b d9 ff
0x00007ff9df32f6fa:   15 69 c4 0b 00 48 85 c0 75 0a 48 8b 4b 48 ff 15
0x00007ff9df32f70a:   52 c4 0b 00 48 83 c4 20 5b c3 4c 63 c2 48 8b 15
0x00007ff9df32f71a:   2a a8 0b 00 48 ff 25 e3 c2 0b 00 cc cc cc 48 8b
0x00007ff9df32f72a:   d1 48 8b 0d 1e d8 0b 00 48 89 15 17 d8 0b 00 e9
0x00007ff9df32f73a:   f6 63 04 00 cc cc 48 89 5c 24 08 57 48 83 ec 20
0x00007ff9df32f74a:   83 7a 58 00 48 8b da 48 8b f9 7d 08 48 8b ca e8
0x00007ff9df32f75a:   4a 95 01 00 4c 8b 43 48 45 33 c9 48 8b 4f 48 4d
0x00007ff9df32f76a:   8b 00 41 8d 51 30 ff 15 5a c5 0b 00 48 8b 4f 48
0x00007ff9df32f77a:   33 d2 44 8d 42 01 48 8b 5c 24 30 48 83 c4 20 5f
0x00007ff9df32f78a:   48 ff 25 f7 c3 0b 00 cc cc cc 48 8b c4 48 89 58
0x00007ff9df32f79a:   08 48 89 68 10 48 89 70 18 48 89 78 20 41 56 48
0x00007ff9df32f7aa:   83 ec 20 4c 8b f2 48 8b f9 48 8b 0d 3e f6 0b 00
0x00007ff9df32f7ba:   ba 02 00 01 00 41 8b e8 e8 04 21 05 00 48 8b 97
0x00007ff9df32f7ca:   c0 00 00 00 33 db 48 8b f0 48 85 d2 74 0d 4c 8b
0x00007ff9df32f7da:   08 48 8b c8 41 ff 91 b0 00 00 00 4d 85 f6 74 14
0x00007ff9df32f7ea:   48 8b 06 49 8b d6 48 8b ce ff 90 a8 00 00 00 48
0x00007ff9df32f7fa:   8b d8 eb 05 bd 01 00 00 00 48 89 9f c0 00 00 00
0x00007ff9df32f80a:   89 af c8 00 00 00 48 8b 5c 24 30 48 8b 6c 24 38
0x00007ff9df32f81a:   48 8b 74 24 40 48 8b 7c 24 48 48 83 c4 20 41 5e
0x00007ff9df32f82a:   c3 cc 48 89 5c 24 08 48 89 6c 24 10 48 89 74 24
0x00007ff9df32f83a:   18 57 48 83 ec 20 33 db 48 8b f9 48 85 c9 75 09 


Stack slot to memory mapping:
stack at sp + 0 slots: 0x00000222270830b0 points into unknown readable memory: 30 d3 5c 25 22 02 00 00
stack at sp + 1 slots: 0x00000222255ce030 points into unknown readable memory: 60 a6 3a df f9 7f 00 00
stack at sp + 2 slots: 0x00000222270830b0 points into unknown readable memory: 30 d3 5c 25 22 02 00 00
stack at sp + 3 slots: 0x00000222255ce030 points into unknown readable memory: 60 a6 3a df f9 7f 00 00
stack at sp + 4 slots: 0x00000222255cd338 is a global jni handle
stack at sp + 5 slots: 0x00007ff9df334655 awt.dll
stack at sp + 6 slots: 0x0000022205ebbb10 points into unknown readable memory: 50 3c b4 ce f9 7f 00 00
stack at sp + 7 slots: 0x0000022205ebbb10 points into unknown readable memory: 50 3c b4 ce f9 7f 00 00


---------------  P R O C E S S  ---------------

Threads class SMR info:
_java_thread_list=0x00000222255c4060, length=15, elements={
0x0000022205ebb800, 0x0000022224973800, 0x0000022224975000, 0x000002222498d000,
0x0000022224991000, 0x0000022224996000, 0x0000022224999800, 0x00000222249a0800,
0x00000222249a4000, 0x00000222252f7000, 0x0000022225302000, 0x0000022225532000,
0x0000022225535800, 0x000002222553b000, 0x00000222255a0800
}

Java Threads: ( => current thread )
=>0x0000022205ebb800 JavaThread "main" [_thread_in_native, id=3120, stack(0x000000bbfc600000,0x000000bbfc700000)]
  0x0000022224973800 JavaThread "Reference Handler" daemon [_thread_blocked, id=3788, stack(0x000000bbfcd00000,0x000000bbfce00000)]
  0x0000022224975000 JavaThread "Finalizer" daemon [_thread_blocked, id=8552, stack(0x000000bbfce00000,0x000000bbfcf00000)]
  0x000002222498d000 JavaThread "Signal Dispatcher" daemon [_thread_blocked, id=22296, stack(0x000000bbfcf00000,0x000000bbfd000000)]
  0x0000022224991000 JavaThread "Attach Listener" daemon [_thread_blocked, id=21608, stack(0x000000bbfd000000,0x000000bbfd100000)]
  0x0000022224996000 JavaThread "Service Thread" daemon [_thread_blocked, id=19392, stack(0x000000bbfd100000,0x000000bbfd200000)]
  0x0000022224999800 JavaThread "C2 CompilerThread0" daemon [_thread_blocked, id=16616, stack(0x000000bbfd200000,0x000000bbfd300000)]
  0x00000222249a0800 JavaThread "C1 CompilerThread0" daemon [_thread_blocked, id=22148, stack(0x000000bbfd300000,0x000000bbfd400000)]
  0x00000222249a4000 JavaThread "Sweeper thread" daemon [_thread_blocked, id=8164, stack(0x000000bbfd400000,0x000000bbfd500000)]
  0x00000222252f7000 JavaThread "Notification Thread" daemon [_thread_blocked, id=24812, stack(0x000000bbfd500000,0x000000bbfd600000)]
  0x0000022225302000 JavaThread "Common-Cleaner" daemon [_thread_blocked, id=12524, stack(0x000000bbfd700000,0x000000bbfd800000)]
  0x0000022225532000 JavaThread "Java2D Disposer" daemon [_thread_blocked, id=24268, stack(0x000000bbfd800000,0x000000bbfd900000)]
  0x0000022225535800 JavaThread "AWT-Shutdown" [_thread_blocked, id=20908, stack(0x000000bbfd900000,0x000000bbfda00000)]
  0x000002222553b000 JavaThread "AWT-Windows" daemon [_thread_in_native, id=18000, stack(0x000000bbfda00000,0x000000bbfdb00000)]
  0x00000222255a0800 JavaThread "AWT-EventQueue-0" [_thread_blocked, id=19304, stack(0x000000bbfdb00000,0x000000bbfdc00000)]

Other Threads:
  0x000002222496d000 VMThread "VM Thread" [stack: 0x000000bbfcc00000,0x000000bbfcd00000] [id=20056]
  0x00000222252f8000 WatcherThread [stack: 0x000000bbfd600000,0x000000bbfd700000] [id=21704]
  0x0000022205f00000 GCTaskThread "GC Thread#0" [stack: 0x000000bbfc700000,0x000000bbfc800000] [id=24372]
  0x0000022205f11800 ConcurrentGCThread "G1 Main Marker" [stack: 0x000000bbfc800000,0x000000bbfc900000] [id=20872]
  0x0000022205f14800 ConcurrentGCThread "G1 Conc#0" [stack: 0x000000bbfc900000,0x000000bbfca00000] [id=12388]
  0x00000222247e2800 ConcurrentGCThread "G1 Refine#0" [stack: 0x000000bbfca00000,0x000000bbfcb00000] [id=24896]
  0x00000222247e3000 ConcurrentGCThread "G1 Young RemSet Sampling" [stack: 0x000000bbfcb00000,0x000000bbfcc00000] [id=23240]

Threads with active compile tasks:

VM state:not at safepoint (normal execution)

VM Mutex/Monitor currently owned by a thread: None

Heap address: 0x0000000081200000, size: 2030 MB, Compressed Oops mode: 32-bit
Narrow klass base: 0x0000000800000000, Narrow klass shift: 3
Compressed class space size: 1073741824 Address: 0x0000000800b30000

Heap:
 garbage-first heap   total 131072K, used 4096K [0x0000000081200000, 0x0000000100000000)
  region size 1024K, 5 young (5120K), 0 survivors (0K)
 Metaspace       used 5261K, capacity 5509K, committed 5632K, reserved 1056768K
  class space    used 600K, capacity 725K, committed 768K, reserved 1048576K
Heap Regions: E=young(eden), S=young(survivor), O=old, HS=humongous(starts), HC=humongous(continues), CS=collection set, F=free, OA=open archive, CA=closed archive, TAMS=top-at-mark-start (previous, next)
|   0|0x0000000081200000, 0x0000000081200000, 0x0000000081300000|  0%| F|  |TAMS 0x0000000081200000, 0x0000000081200000| Untracked 
|   1|0x0000000081300000, 0x0000000081300000, 0x0000000081400000|  0%| F|  |TAMS 0x0000000081300000, 0x0000000081300000| Untracked 
|   2|0x0000000081400000, 0x0000000081400000, 0x0000000081500000|  0%| F|  |TAMS 0x0000000081400000, 0x0000000081400000| Untracked 
|   3|0x0000000081500000, 0x0000000081500000, 0x0000000081600000|  0%| F|  |TAMS 0x0000000081500000, 0x0000000081500000| Untracked 
|   4|0x0000000081600000, 0x0000000081600000, 0x0000000081700000|  0%| F|  |TAMS 0x0000000081600000, 0x0000000081600000| Untracked 
|   5|0x0000000081700000, 0x0000000081700000, 0x0000000081800000|  0%| F|  |TAMS 0x0000000081700000, 0x0000000081700000| Untracked 
|   6|0x0000000081800000, 0x0000000081800000, 0x0000000081900000|  0%| F|  |TAMS 0x0000000081800000, 0x0000000081800000| Untracked 
|   7|0x0000000081900000, 0x0000000081900000, 0x0000000081a00000|  0%| F|  |TAMS 0x0000000081900000, 0x0000000081900000| Untracked 
|   8|0x0000000081a00000, 0x0000000081a00000, 0x0000000081b00000|  0%| F|  |TAMS 0x0000000081a00000, 0x0000000081a00000| Untracked 
|   9|0x0000000081b00000, 0x0000000081b00000, 0x0000000081c00000|  0%| F|  |TAMS 0x0000000081b00000, 0x0000000081b00000| Untracked 
|  10|0x0000000081c00000, 0x0000000081c00000, 0x0000000081d00000|  0%| F|  |TAMS 0x0000000081c00000, 0x0000000081c00000| Untracked 
|  11|0x0000000081d00000, 0x0000000081d00000, 0x0000000081e00000|  0%| F|  |TAMS 0x0000000081d00000, 0x0000000081d00000| Untracked 
|  12|0x0000000081e00000, 0x0000000081e00000, 0x0000000081f00000|  0%| F|  |TAMS 0x0000000081e00000, 0x0000000081e00000| Untracked 
|  13|0x0000000081f00000, 0x0000000081f00000, 0x0000000082000000|  0%| F|  |TAMS 0x0000000081f00000, 0x0000000081f00000| Untracked 
|  14|0x0000000082000000, 0x0000000082000000, 0x0000000082100000|  0%| F|  |TAMS 0x0000000082000000, 0x0000000082000000| Untracked 
|  15|0x0000000082100000, 0x0000000082100000, 0x0000000082200000|  0%| F|  |TAMS 0x0000000082100000, 0x0000000082100000| Untracked 
|  16|0x0000000082200000, 0x0000000082200000, 0x0000000082300000|  0%| F|  |TAMS 0x0000000082200000, 0x0000000082200000| Untracked 
|  17|0x0000000082300000, 0x0000000082300000, 0x0000000082400000|  0%| F|  |TAMS 0x0000000082300000, 0x0000000082300000| Untracked 
|  18|0x0000000082400000, 0x0000000082400000, 0x0000000082500000|  0%| F|  |TAMS 0x0000000082400000, 0x0000000082400000| Untracked 
|  19|0x0000000082500000, 0x0000000082500000, 0x0000000082600000|  0%| F|  |TAMS 0x0000000082500000, 0x0000000082500000| Untracked 
|  20|0x0000000082600000, 0x0000000082600000, 0x0000000082700000|  0%| F|  |TAMS 0x0000000082600000, 0x0000000082600000| Untracked 
|  21|0x0000000082700000, 0x0000000082700000, 0x0000000082800000|  0%| F|  |TAMS 0x0000000082700000, 0x0000000082700000| Untracked 
|  22|0x0000000082800000, 0x0000000082800000, 0x0000000082900000|  0%| F|  |TAMS 0x0000000082800000, 0x0000000082800000| Untracked 
|  23|0x0000000082900000, 0x0000000082900000, 0x0000000082a00000|  0%| F|  |TAMS 0x0000000082900000, 0x0000000082900000| Untracked 
|  24|0x0000000082a00000, 0x0000000082a00000, 0x0000000082b00000|  0%| F|  |TAMS 0x0000000082a00000, 0x0000000082a00000| Untracked 
|  25|0x0000000082b00000, 0x0000000082b00000, 0x0000000082c00000|  0%| F|  |TAMS 0x0000000082b00000, 0x0000000082b00000| Untracked 
|  26|0x0000000082c00000, 0x0000000082c00000, 0x0000000082d00000|  0%| F|  |TAMS 0x0000000082c00000, 0x0000000082c00000| Untracked 
|  27|0x0000000082d00000, 0x0000000082d00000, 0x0000000082e00000|  0%| F|  |TAMS 0x0000000082d00000, 0x0000000082d00000| Untracked 
|  28|0x0000000082e00000, 0x0000000082e00000, 0x0000000082f00000|  0%| F|  |TAMS 0x0000000082e00000, 0x0000000082e00000| Untracked 
|  29|0x0000000082f00000, 0x0000000082f00000, 0x0000000083000000|  0%| F|  |TAMS 0x0000000082f00000, 0x0000000082f00000| Untracked 
|  30|0x0000000083000000, 0x0000000083000000, 0x0000000083100000|  0%| F|  |TAMS 0x0000000083000000, 0x0000000083000000| Untracked 
|  31|0x0000000083100000, 0x0000000083100000, 0x0000000083200000|  0%| F|  |TAMS 0x0000000083100000, 0x0000000083100000| Untracked 
|  32|0x0000000083200000, 0x0000000083200000, 0x0000000083300000|  0%| F|  |TAMS 0x0000000083200000, 0x0000000083200000| Untracked 
|  33|0x0000000083300000, 0x0000000083300000, 0x0000000083400000|  0%| F|  |TAMS 0x0000000083300000, 0x0000000083300000| Untracked 
|  34|0x0000000083400000, 0x0000000083400000, 0x0000000083500000|  0%| F|  |TAMS 0x0000000083400000, 0x0000000083400000| Untracked 
|  35|0x0000000083500000, 0x0000000083500000, 0x0000000083600000|  0%| F|  |TAMS 0x0000000083500000, 0x0000000083500000| Untracked 
|  36|0x0000000083600000, 0x0000000083600000, 0x0000000083700000|  0%| F|  |TAMS 0x0000000083600000, 0x0000000083600000| Untracked 
|  37|0x0000000083700000, 0x0000000083700000, 0x0000000083800000|  0%| F|  |TAMS 0x0000000083700000, 0x0000000083700000| Untracked 
|  38|0x0000000083800000, 0x0000000083800000, 0x0000000083900000|  0%| F|  |TAMS 0x0000000083800000, 0x0000000083800000| Untracked 
|  39|0x0000000083900000, 0x0000000083900000, 0x0000000083a00000|  0%| F|  |TAMS 0x0000000083900000, 0x0000000083900000| Untracked 
|  40|0x0000000083a00000, 0x0000000083a00000, 0x0000000083b00000|  0%| F|  |TAMS 0x0000000083a00000, 0x0000000083a00000| Untracked 
|  41|0x0000000083b00000, 0x0000000083b00000, 0x0000000083c00000|  0%| F|  |TAMS 0x0000000083b00000, 0x0000000083b00000| Untracked 
|  42|0x0000000083c00000, 0x0000000083c00000, 0x0000000083d00000|  0%| F|  |TAMS 0x0000000083c00000, 0x0000000083c00000| Untracked 
|  43|0x0000000083d00000, 0x0000000083d00000, 0x0000000083e00000|  0%| F|  |TAMS 0x0000000083d00000, 0x0000000083d00000| Untracked 
|  44|0x0000000083e00000, 0x0000000083e00000, 0x0000000083f00000|  0%| F|  |TAMS 0x0000000083e00000, 0x0000000083e00000| Untracked 
|  45|0x0000000083f00000, 0x0000000083f00000, 0x0000000084000000|  0%| F|  |TAMS 0x0000000083f00000, 0x0000000083f00000| Untracked 
|  46|0x0000000084000000, 0x0000000084000000, 0x0000000084100000|  0%| F|  |TAMS 0x0000000084000000, 0x0000000084000000| Untracked 
|  47|0x0000000084100000, 0x0000000084100000, 0x0000000084200000|  0%| F|  |TAMS 0x0000000084100000, 0x0000000084100000| Untracked 
|  48|0x0000000084200000, 0x0000000084200000, 0x0000000084300000|  0%| F|  |TAMS 0x0000000084200000, 0x0000000084200000| Untracked 
|  49|0x0000000084300000, 0x0000000084300000, 0x0000000084400000|  0%| F|  |TAMS 0x0000000084300000, 0x0000000084300000| Untracked 
|  50|0x0000000084400000, 0x0000000084400000, 0x0000000084500000|  0%| F|  |TAMS 0x0000000084400000, 0x0000000084400000| Untracked 
|  51|0x0000000084500000, 0x0000000084500000, 0x0000000084600000|  0%| F|  |TAMS 0x0000000084500000, 0x0000000084500000| Untracked 
|  52|0x0000000084600000, 0x0000000084600000, 0x0000000084700000|  0%| F|  |TAMS 0x0000000084600000, 0x0000000084600000| Untracked 
|  53|0x0000000084700000, 0x0000000084700000, 0x0000000084800000|  0%| F|  |TAMS 0x0000000084700000, 0x0000000084700000| Untracked 
|  54|0x0000000084800000, 0x0000000084800000, 0x0000000084900000|  0%| F|  |TAMS 0x0000000084800000, 0x0000000084800000| Untracked 
|  55|0x0000000084900000, 0x0000000084900000, 0x0000000084a00000|  0%| F|  |TAMS 0x0000000084900000, 0x0000000084900000| Untracked 
|  56|0x0000000084a00000, 0x0000000084a00000, 0x0000000084b00000|  0%| F|  |TAMS 0x0000000084a00000, 0x0000000084a00000| Untracked 
|  57|0x0000000084b00000, 0x0000000084b00000, 0x0000000084c00000|  0%| F|  |TAMS 0x0000000084b00000, 0x0000000084b00000| Untracked 
|  58|0x0000000084c00000, 0x0000000084c00000, 0x0000000084d00000|  0%| F|  |TAMS 0x0000000084c00000, 0x0000000084c00000| Untracked 
|  59|0x0000000084d00000, 0x0000000084d00000, 0x0000000084e00000|  0%| F|  |TAMS 0x0000000084d00000, 0x0000000084d00000| Untracked 
|  60|0x0000000084e00000, 0x0000000084e00000, 0x0000000084f00000|  0%| F|  |TAMS 0x0000000084e00000, 0x0000000084e00000| Untracked 
|  61|0x0000000084f00000, 0x0000000084f00000, 0x0000000085000000|  0%| F|  |TAMS 0x0000000084f00000, 0x0000000084f00000| Untracked 
|  62|0x0000000085000000, 0x0000000085000000, 0x0000000085100000|  0%| F|  |TAMS 0x0000000085000000, 0x0000000085000000| Untracked 
|  63|0x0000000085100000, 0x0000000085100000, 0x0000000085200000|  0%| F|  |TAMS 0x0000000085100000, 0x0000000085100000| Untracked 
|  64|0x0000000085200000, 0x0000000085200000, 0x0000000085300000|  0%| F|  |TAMS 0x0000000085200000, 0x0000000085200000| Untracked 
|  65|0x0000000085300000, 0x0000000085300000, 0x0000000085400000|  0%| F|  |TAMS 0x0000000085300000, 0x0000000085300000| Untracked 
|  66|0x0000000085400000, 0x0000000085400000, 0x0000000085500000|  0%| F|  |TAMS 0x0000000085400000, 0x0000000085400000| Untracked 
|  67|0x0000000085500000, 0x0000000085500000, 0x0000000085600000|  0%| F|  |TAMS 0x0000000085500000, 0x0000000085500000| Untracked 
|  68|0x0000000085600000, 0x0000000085600000, 0x0000000085700000|  0%| F|  |TAMS 0x0000000085600000, 0x0000000085600000| Untracked 
|  69|0x0000000085700000, 0x0000000085700000, 0x0000000085800000|  0%| F|  |TAMS 0x0000000085700000, 0x0000000085700000| Untracked 
|  70|0x0000000085800000, 0x0000000085800000, 0x0000000085900000|  0%| F|  |TAMS 0x0000000085800000, 0x0000000085800000| Untracked 
|  71|0x0000000085900000, 0x0000000085900000, 0x0000000085a00000|  0%| F|  |TAMS 0x0000000085900000, 0x0000000085900000| Untracked 
|  72|0x0000000085a00000, 0x0000000085a00000, 0x0000000085b00000|  0%| F|  |TAMS 0x0000000085a00000, 0x0000000085a00000| Untracked 
|  73|0x0000000085b00000, 0x0000000085b00000, 0x0000000085c00000|  0%| F|  |TAMS 0x0000000085b00000, 0x0000000085b00000| Untracked 
|  74|0x0000000085c00000, 0x0000000085c00000, 0x0000000085d00000|  0%| F|  |TAMS 0x0000000085c00000, 0x0000000085c00000| Untracked 
|  75|0x0000000085d00000, 0x0000000085d00000, 0x0000000085e00000|  0%| F|  |TAMS 0x0000000085d00000, 0x0000000085d00000| Untracked 
|  76|0x0000000085e00000, 0x0000000085e00000, 0x0000000085f00000|  0%| F|  |TAMS 0x0000000085e00000, 0x0000000085e00000| Untracked 
|  77|0x0000000085f00000, 0x0000000085f00000, 0x0000000086000000|  0%| F|  |TAMS 0x0000000085f00000, 0x0000000085f00000| Untracked 
|  78|0x0000000086000000, 0x0000000086000000, 0x0000000086100000|  0%| F|  |TAMS 0x0000000086000000, 0x0000000086000000| Untracked 
|  79|0x0000000086100000, 0x0000000086100000, 0x0000000086200000|  0%| F|  |TAMS 0x0000000086100000, 0x0000000086100000| Untracked 
|  80|0x0000000086200000, 0x0000000086200000, 0x0000000086300000|  0%| F|  |TAMS 0x0000000086200000, 0x0000000086200000| Untracked 
|  81|0x0000000086300000, 0x0000000086300000, 0x0000000086400000|  0%| F|  |TAMS 0x0000000086300000, 0x0000000086300000| Untracked 
|  82|0x0000000086400000, 0x0000000086400000, 0x0000000086500000|  0%| F|  |TAMS 0x0000000086400000, 0x0000000086400000| Untracked 
|  83|0x0000000086500000, 0x0000000086500000, 0x0000000086600000|  0%| F|  |TAMS 0x0000000086500000, 0x0000000086500000| Untracked 
|  84|0x0000000086600000, 0x0000000086600000, 0x0000000086700000|  0%| F|  |TAMS 0x0000000086600000, 0x0000000086600000| Untracked 
|  85|0x0000000086700000, 0x0000000086700000, 0x0000000086800000|  0%| F|  |TAMS 0x0000000086700000, 0x0000000086700000| Untracked 
|  86|0x0000000086800000, 0x0000000086800000, 0x0000000086900000|  0%| F|  |TAMS 0x0000000086800000, 0x0000000086800000| Untracked 
|  87|0x0000000086900000, 0x0000000086900000, 0x0000000086a00000|  0%| F|  |TAMS 0x0000000086900000, 0x0000000086900000| Untracked 
|  88|0x0000000086a00000, 0x0000000086a00000, 0x0000000086b00000|  0%| F|  |TAMS 0x0000000086a00000, 0x0000000086a00000| Untracked 
|  89|0x0000000086b00000, 0x0000000086b00000, 0x0000000086c00000|  0%| F|  |TAMS 0x0000000086b00000, 0x0000000086b00000| Untracked 
|  90|0x0000000086c00000, 0x0000000086c00000, 0x0000000086d00000|  0%| F|  |TAMS 0x0000000086c00000, 0x0000000086c00000| Untracked 
|  91|0x0000000086d00000, 0x0000000086d00000, 0x0000000086e00000|  0%| F|  |TAMS 0x0000000086d00000, 0x0000000086d00000| Untracked 
|  92|0x0000000086e00000, 0x0000000086e00000, 0x0000000086f00000|  0%| F|  |TAMS 0x0000000086e00000, 0x0000000086e00000| Untracked 
|  93|0x0000000086f00000, 0x0000000086f00000, 0x0000000087000000|  0%| F|  |TAMS 0x0000000086f00000, 0x0000000086f00000| Untracked 
|  94|0x0000000087000000, 0x0000000087000000, 0x0000000087100000|  0%| F|  |TAMS 0x0000000087000000, 0x0000000087000000| Untracked 
|  95|0x0000000087100000, 0x0000000087100000, 0x0000000087200000|  0%| F|  |TAMS 0x0000000087100000, 0x0000000087100000| Untracked 
|  96|0x0000000087200000, 0x0000000087200000, 0x0000000087300000|  0%| F|  |TAMS 0x0000000087200000, 0x0000000087200000| Untracked 
|  97|0x0000000087300000, 0x0000000087300000, 0x0000000087400000|  0%| F|  |TAMS 0x0000000087300000, 0x0000000087300000| Untracked 
|  98|0x0000000087400000, 0x0000000087400000, 0x0000000087500000|  0%| F|  |TAMS 0x0000000087400000, 0x0000000087400000| Untracked 
|  99|0x0000000087500000, 0x0000000087500000, 0x0000000087600000|  0%| F|  |TAMS 0x0000000087500000, 0x0000000087500000| Untracked 
| 100|0x0000000087600000, 0x0000000087600000, 0x0000000087700000|  0%| F|  |TAMS 0x0000000087600000, 0x0000000087600000| Untracked 
| 101|0x0000000087700000, 0x0000000087700000, 0x0000000087800000|  0%| F|  |TAMS 0x0000000087700000, 0x0000000087700000| Untracked 
| 102|0x0000000087800000, 0x0000000087800000, 0x0000000087900000|  0%| F|  |TAMS 0x0000000087800000, 0x0000000087800000| Untracked 
| 103|0x0000000087900000, 0x0000000087900000, 0x0000000087a00000|  0%| F|  |TAMS 0x0000000087900000, 0x0000000087900000| Untracked 
| 104|0x0000000087a00000, 0x0000000087a00000, 0x0000000087b00000|  0%| F|  |TAMS 0x0000000087a00000, 0x0000000087a00000| Untracked 
| 105|0x0000000087b00000, 0x0000000087b00000, 0x0000000087c00000|  0%| F|  |TAMS 0x0000000087b00000, 0x0000000087b00000| Untracked 
| 106|0x0000000087c00000, 0x0000000087c00000, 0x0000000087d00000|  0%| F|  |TAMS 0x0000000087c00000, 0x0000000087c00000| Untracked 
| 107|0x0000000087d00000, 0x0000000087d00000, 0x0000000087e00000|  0%| F|  |TAMS 0x0000000087d00000, 0x0000000087d00000| Untracked 
| 108|0x0000000087e00000, 0x0000000087e00000, 0x0000000087f00000|  0%| F|  |TAMS 0x0000000087e00000, 0x0000000087e00000| Untracked 
| 109|0x0000000087f00000, 0x0000000087f00000, 0x0000000088000000|  0%| F|  |TAMS 0x0000000087f00000, 0x0000000087f00000| Untracked 
| 110|0x0000000088000000, 0x0000000088000000, 0x0000000088100000|  0%| F|  |TAMS 0x0000000088000000, 0x0000000088000000| Untracked 
| 111|0x0000000088100000, 0x0000000088100000, 0x0000000088200000|  0%| F|  |TAMS 0x0000000088100000, 0x0000000088100000| Untracked 
| 112|0x0000000088200000, 0x0000000088200000, 0x0000000088300000|  0%| F|  |TAMS 0x0000000088200000, 0x0000000088200000| Untracked 
| 113|0x0000000088300000, 0x0000000088300000, 0x0000000088400000|  0%| F|  |TAMS 0x0000000088300000, 0x0000000088300000| Untracked 
| 114|0x0000000088400000, 0x0000000088400000, 0x0000000088500000|  0%| F|  |TAMS 0x0000000088400000, 0x0000000088400000| Untracked 
| 115|0x0000000088500000, 0x0000000088500000, 0x0000000088600000|  0%| F|  |TAMS 0x0000000088500000, 0x0000000088500000| Untracked 
| 116|0x0000000088600000, 0x0000000088600000, 0x0000000088700000|  0%| F|  |TAMS 0x0000000088600000, 0x0000000088600000| Untracked 
| 117|0x0000000088700000, 0x0000000088700000, 0x0000000088800000|  0%| F|  |TAMS 0x0000000088700000, 0x0000000088700000| Untracked 
| 118|0x0000000088800000, 0x0000000088800000, 0x0000000088900000|  0%| F|  |TAMS 0x0000000088800000, 0x0000000088800000| Untracked 
| 119|0x0000000088900000, 0x0000000088900000, 0x0000000088a00000|  0%| F|  |TAMS 0x0000000088900000, 0x0000000088900000| Untracked 
| 120|0x0000000088a00000, 0x0000000088a00000, 0x0000000088b00000|  0%| F|  |TAMS 0x0000000088a00000, 0x0000000088a00000| Untracked 
| 121|0x0000000088b00000, 0x0000000088b00000, 0x0000000088c00000|  0%| F|  |TAMS 0x0000000088b00000, 0x0000000088b00000| Untracked 
| 122|0x0000000088c00000, 0x0000000088c00000, 0x0000000088d00000|  0%| F|  |TAMS 0x0000000088c00000, 0x0000000088c00000| Untracked 
| 123|0x0000000088d00000, 0x0000000088d85a50, 0x0000000088e00000| 52%| E|  |TAMS 0x0000000088d00000, 0x0000000088d00000| Complete 
| 124|0x0000000088e00000, 0x0000000088f00000, 0x0000000088f00000|100%| E|CS|TAMS 0x0000000088e00000, 0x0000000088e00000| Complete 
| 125|0x0000000088f00000, 0x0000000089000000, 0x0000000089000000|100%| E|CS|TAMS 0x0000000088f00000, 0x0000000088f00000| Complete 
| 126|0x0000000089000000, 0x0000000089100000, 0x0000000089100000|100%| E|CS|TAMS 0x0000000089000000, 0x0000000089000000| Complete 
| 127|0x0000000089100000, 0x0000000089200000, 0x0000000089200000|100%| E|CS|TAMS 0x0000000089100000, 0x0000000089100000| Complete 

Card table byte_map: [0x000002221dd20000,0x000002221e120000] _byte_map_base: 0x000002221d917000

Marking Bits (Prev, Next): (CMBitMap*) 0x0000022205f00c18, (CMBitMap*) 0x0000022205f00c58
 Prev Bits: [0x000002221e520000, 0x00000222204d8000)
 Next Bits: [0x00000222204e0000, 0x0000022222498000)

Polling page: 0x0000022203e10000

Metaspace:

Usage:
  Non-class:      4.67 MB capacity,     4.55 MB ( 97%) used,   108.00 KB (  2%) free+waste,    15.13 KB ( <1%) overhead. 
      Class:    725.00 KB capacity,   600.57 KB ( 83%) used,   113.05 KB ( 16%) free+waste,    11.38 KB (  2%) overhead. 
       Both:      5.38 MB capacity,     5.14 MB ( 96%) used,   221.05 KB (  4%) free+waste,    26.50 KB ( <1%) overhead. 

Virtual space:
  Non-class space:        8.00 MB reserved,       4.75 MB ( 59%) committed 
      Class space:        1.00 GB reserved,     768.00 KB ( <1%) committed 
             Both:        1.01 GB reserved,       5.50 MB ( <1%) committed 

Chunk freelists:
   Non-Class:  16.00 KB
       Class:  11.00 KB
        Both:  27.00 KB

MaxMetaspaceSize: 17179869184.00 GB
CompressedClassSpaceSize: 1.00 GB

CodeHeap 'non-profiled nmethods': size=120000Kb used=143Kb max_used=143Kb free=119856Kb
 bounds [0x00000222163f0000, 0x0000022216660000, 0x000002221d920000]
CodeHeap 'profiled nmethods': size=120000Kb used=829Kb max_used=829Kb free=119170Kb
 bounds [0x000002220eec0000, 0x000002220f130000, 0x00000222163f0000]
CodeHeap 'non-nmethods': size=5760Kb used=1218Kb max_used=1232Kb free=4541Kb
 bounds [0x000002220e920000, 0x000002220eb90000, 0x000002220eec0000]
 total_blobs=1366 nmethods=528 adapters=403
 compilation: enabled
              stopped_count=0, restarted_count=0
 full_count=0

Compilation events (20 events):
Event: 0.714 Thread 0x00000222249a0800 nmethod 513 0x000002220ef86e90 code [0x000002220ef87040, 0x000002220ef872e8]
Event: 0.714 Thread 0x00000222249a0800  514       3       java.lang.invoke.DirectMethodHandle$Holder::invokeStatic (14 bytes)
Event: 0.714 Thread 0x00000222249a0800 nmethod 514 0x000002220ef87410 code [0x000002220ef875e0, 0x000002220ef87b38]
Event: 0.715 Thread 0x00000222249a0800  515       3       java.lang.StringLatin1::indexOf (61 bytes)
Event: 0.715 Thread 0x00000222249a0800 nmethod 515 0x000002220ef87c90 code [0x000002220ef87e40, 0x000002220ef881f8]
Event: 0.718 Thread 0x00000222249a0800  517       3       java.lang.invoke.InvokerBytecodeGenerator::emitStoreResult (27 bytes)
Event: 0.718 Thread 0x0000022224999800  516       4       java.lang.invoke.MemberName::getReferenceKind (12 bytes)
Event: 0.718 Thread 0x00000222249a0800 nmethod 517 0x000002220ef88310 code [0x000002220ef884e0, 0x000002220ef88858]
Event: 0.718 Thread 0x0000022224999800 nmethod 516 0x0000022216413110 code [0x0000022216413280, 0x00000222164132f8]
Event: 0.718 Thread 0x00000222249a0800  520       3       java.util.ArrayList::add (25 bytes)
Event: 0.718 Thread 0x00000222249a0800 nmethod 520 0x000002220ef88a10 code [0x000002220ef88be0, 0x000002220ef89048]
Event: 0.719 Thread 0x00000222249a0800  521       3       java.util.ArrayList::add (23 bytes)
Event: 0.719 Thread 0x0000022224999800  522       4       jdk.internal.org.objectweb.asm.ByteVector::putShort (52 bytes)
Event: 0.719 Thread 0x00000222249a0800 nmethod 521 0x000002220ef89210 code [0x000002220ef893e0, 0x000002220ef897c8]
Event: 0.719 Thread 0x00000222249a0800  518       3       java.lang.invoke.LambdaForm$NamedFunction::member (26 bytes)
Event: 0.719 Thread 0x00000222249a0800 nmethod 518 0x000002220ef89990 code [0x000002220ef89b20, 0x000002220ef89c58]
Event: 0.719 Thread 0x00000222249a0800  519       3       java.lang.invoke.InvokerBytecodeGenerator::isStaticallyInvocable (165 bytes)
Event: 0.720 Thread 0x0000022224999800 nmethod 522 0x0000022216413410 code [0x00000222164135c0, 0x0000022216413758]
Event: 0.721 Thread 0x00000222249a0800 nmethod 519 0x000002220ef89d10 code [0x000002220ef8a1c0, 0x000002220ef8c518]
Event: 0.721 Thread 0x00000222249a0800  523       3       java.lang.invoke.LambdaForm$Name::internArguments (59 bytes)

GC Heap History (0 events):
No events

Deoptimization events (8 events):
Event: 0.102 Thread 0x0000022205ebb800 Uncommon trap: trap_request=0xffffff45 fr.pc=0x00000222163f4880 relative=0x0000000000000220
Event: 0.102 Thread 0x0000022205ebb800 Uncommon trap: reason=unstable_if action=reinterpret pc=0x00000222163f4880 method=java.lang.String.hashCode()I @ 42 c2
Event: 0.102 Thread 0x0000022205ebb800 DEOPT PACKING pc=0x00000222163f4880 sp=0x000000bbfc6fd130
Event: 0.102 Thread 0x0000022205ebb800 DEOPT UNPACKING pc=0x000002220e96912f sp=0x000000bbfc6fd0c8 mode 2
Event: 0.709 Thread 0x0000022205ebb800 Uncommon trap: trap_request=0xffffffe5 fr.pc=0x000002221640b5d8 relative=0x0000000000000198
Event: 0.709 Thread 0x0000022205ebb800 Uncommon trap: reason=range_check action=reinterpret pc=0x000002221640b5d8 method=java.lang.StringLatin1.indexOf([BII)I @ 13 c2
Event: 0.709 Thread 0x0000022205ebb800 DEOPT PACKING pc=0x000002221640b5d8 sp=0x000000bbfc6fc310
Event: 0.709 Thread 0x0000022205ebb800 DEOPT UNPACKING pc=0x000002220e96912f sp=0x000000bbfc6fc290 mode 2

Classes unloaded (0 events):
No events

Classes redefined (0 events):
No events

Internal exceptions (14 events):
Event: 0.200 Thread 0x0000022205ebb800 Exception <a 'java/lang/ClassNotFoundException'{0x000000008902cfd8}: sun/awt/resources/spi/awtProvider> (0x000000008902cfd8) 
thrown [./src/hotspot/share/classfile/systemDictionary.cpp, line 226]
Event: 0.330 Thread 0x0000022205ebb800 Exception <a 'java/io/FileNotFoundException'{0x0000000089081d98}> (0x0000000089081d98) 
thrown [./src/hotspot/share/prims/jni.cpp, line 599]
Event: 0.358 Thread 0x0000022205ebb800 Exception <a 'java/io/FileNotFoundException'{0x00000000890a8638}> (0x00000000890a8638) 
thrown [./src/hotspot/share/prims/jni.cpp, line 599]
Event: 0.439 Thread 0x000002222553b000 Exception <a 'java/lang/NoSuchMethodError'{0x0000000088f480a8}: 'void java.lang.invoke.DirectMethodHandle$Holder.invokeSpecial(java.lang.Object, java.lang.Object)'> (0x0000000088f480a8) 
thrown [./src/hotspot/share/interpreter/linkResolver.cpp, line 766]
Event: 0.499 Thread 0x0000022205ebb800 Exception <a 'java/lang/NoSuchMethodError'{0x0000000088fac178}: 'java.lang.Object java.lang.invoke.DirectMethodHandle$Holder.invokeStatic(java.lang.Object, int, java.lang.Object, java.lang.Object, java.lang.Object, java.lang.Object)'> (0x0000000088fac178) 
thrown [./src/hotspot/share/interpreter/linkResolver.cpp, line 766]
Event: 0.500 Thread 0x0000022205ebb800 Exception <a 'java/lang/NoSuchMethodError'{0x0000000088fb2a98}: 'java.lang.Object java.lang.invoke.DirectMethodHandle$Holder.invokeStatic(java.lang.Object, int, java.lang.Object, java.lang.Object, java.lang.Object)'> (0x0000000088fb2a98) 
thrown [./src/hotspot/share/interpreter/linkResolver.cpp, line 766]
Event: 0.500 Thread 0x0000022205ebb800 Exception <a 'java/lang/NoSuchMethodError'{0x0000000088fb62e8}: 'java.lang.Object java.lang.invoke.DirectMethodHandle$Holder.invokeSpecial(java.lang.Object, java.lang.Object, int, java.lang.Object, java.lang.Object, java.lang.Object)'> (0x0000000088fb62e8) 
thrown [./src/hotspot/share/interpreter/linkResolver.cpp, line 766]
Event: 0.503 Thread 0x0000022205ebb800 Exception <a 'java/lang/NoSuchMethodError'{0x0000000088fcc8d8}: 'java.lang.Object java.lang.invoke.DirectMethodHandle$Holder.invokeStatic(java.lang.Object, int, java.lang.Object)'> (0x0000000088fcc8d8) 
thrown [./src/hotspot/share/interpreter/linkResolver.cpp, line 766]
Event: 0.535 Thread 0x0000022205ebb800 Exception <a 'java/lang/ClassNotFoundException'{0x0000000088e70670}: com/sun/swing/internal/plaf/metal/resources/spi/metalProvider> (0x0000000088e70670) 
thrown [./src/hotspot/share/classfile/systemDictionary.cpp, line 226]
Event: 0.537 Thread 0x0000022205ebb800 Exception <a 'java/lang/ClassNotFoundException'{0x0000000088e75330}: com/sun/swing/internal/plaf/basic/resources/spi/basicProvider> (0x0000000088e75330) 
thrown [./src/hotspot/share/classfile/systemDictionary.cpp, line 226]
Event: 0.590 Thread 0x0000022205ebb800 Exception <a 'java/lang/NoSuchMethodError'{0x0000000088eb4988}: 'void java.lang.invoke.DirectMethodHandle$Holder.invokeStaticInit(java.lang.Object)'> (0x0000000088eb4988) 
thrown [./src/hotspot/share/interpreter/linkResolver.cpp, line 766]
Event: 0.682 Thread 0x0000022205ebb800 Exception <a 'java/io/FileNotFoundException'{0x0000000088ec14b0}> (0x0000000088ec14b0) 
thrown [./src/hotspot/share/prims/jni.cpp, line 599]
Event: 0.682 Thread 0x0000022205ebb800 Exception <a 'java/lang/NullPointerException'{0x0000000088ec1da0}> (0x0000000088ec1da0) 
thrown [./src/hotspot/share/interpreter/linkResolver.cpp, line 1348]
Event: 0.721 Thread 0x0000022205ebb800 Exception <a 'java/lang/NoSuchMethodError'{0x0000000088d4b830}: 'java.lang.Object java.lang.invoke.Invokers$Holder.linkToTargetMethod(java.lang.Object, int, java.lang.Object)'> (0x0000000088d4b830) 
thrown [./src/hotspot/share/interpreter/linkResolver.cpp, line 766]

Events (20 events):
Event: 0.713 loading class sun/awt/FontConfiguration$2
Event: 0.713 loading class sun/awt/FontConfiguration$2 done
Event: 0.714 loading class sun/awt/windows/WDefaultFontCharset
Event: 0.714 loading class sun/awt/AWTCharset
Event: 0.714 loading class sun/awt/AWTCharset done
Event: 0.714 loading class sun/awt/windows/WDefaultFontCharset done
Event: 0.714 loading class sun/awt/windows/WDefaultFontCharset$Encoder
Event: 0.715 loading class sun/awt/AWTCharset$Encoder
Event: 0.715 loading class sun/awt/AWTCharset$Encoder done
Event: 0.715 loading class sun/awt/windows/WDefaultFontCharset$Encoder done
Event: 0.716 loading class java/io/ByteArrayOutputStream
Event: 0.716 loading class java/io/ByteArrayOutputStream done
Event: 0.716 loading class sun/awt/windows/WingDings
Event: 0.716 loading class sun/awt/windows/WingDings done
Event: 0.716 loading class sun/awt/windows/WingDings$Encoder
Event: 0.716 loading class sun/awt/windows/WingDings$Encoder done
Event: 0.716 loading class sun/awt/Symbol
Event: 0.717 loading class sun/awt/Symbol done
Event: 0.717 loading class sun/awt/Symbol$Encoder
Event: 0.717 loading class sun/awt/Symbol$Encoder done


Dynamic libraries:
0x00007ff6d6350000 - 0x00007ff6d635d000 	C:\Program Files\AdoptOpenJDK\jdk-14.0.1.7-hotspot\bin\java.exe
0x00007ffa1dd20000 - 0x00007ffa1df10000 	C:\WINDOWS\SYSTEM32\ntdll.dll
0x00007ffa1caa0000 - 0x00007ffa1cb52000 	C:\WINDOWS\System32\KERNEL32.DLL
0x00007ffa1af30000 - 0x00007ffa1b1d3000 	C:\WINDOWS\System32\KERNELBASE.dll
0x00007ffa1b1e0000 - 0x00007ffa1b2da000 	C:\WINDOWS\System32\ucrtbase.dll
0x00007ffa0cfc0000 - 0x00007ffa0cfd5000 	C:\Program Files\AdoptOpenJDK\jdk-14.0.1.7-hotspot\bin\VCRUNTIME140.dll
0x00007ffa0fd50000 - 0x00007ffa0fd68000 	C:\Program Files\AdoptOpenJDK\jdk-14.0.1.7-hotspot\bin\jli.dll
0x00007ffa1c770000 - 0x00007ffa1c904000 	C:\WINDOWS\System32\USER32.dll
0x00007ffa1acb0000 - 0x00007ffa1acd1000 	C:\WINDOWS\System32\win32u.dll
0x00007ff9f8180000 - 0x00007ff9f8405000 	C:\WINDOWS\WinSxS\amd64_microsoft.windows.common-controls_6595b64144ccf1df_6.0.18362.778_none_e6c6b761130d4fb8\COMCTL32.dll
0x00007ffa1cfa0000 - 0x00007ffa1cfc6000 	C:\WINDOWS\System32\GDI32.dll
0x00007ffa1c970000 - 0x00007ffa1ca0e000 	C:\WINDOWS\System32\msvcrt.dll
0x00007ffa1b430000 - 0x00007ffa1b5c4000 	C:\WINDOWS\System32\gdi32full.dll
0x00007ffa1b390000 - 0x00007ffa1b42e000 	C:\WINDOWS\System32\msvcp_win.dll
0x00007ffa1cc60000 - 0x00007ffa1cf96000 	C:\WINDOWS\System32\combase.dll
0x00007ffa1c650000 - 0x00007ffa1c770000 	C:\WINDOWS\System32\RPCRT4.dll
0x00007ffa1aeb0000 - 0x00007ffa1af30000 	C:\WINDOWS\System32\bcryptPrimitives.dll
0x00007ffa1cc30000 - 0x00007ffa1cc5e000 	C:\WINDOWS\System32\IMM32.DLL
0x00007ff9f0f90000 - 0x00007ff9f102b000 	C:\Program Files\AdoptOpenJDK\jdk-14.0.1.7-hotspot\bin\msvcp140.dll
0x00007ff9ce100000 - 0x00007ff9cecac000 	C:\Program Files\AdoptOpenJDK\jdk-14.0.1.7-hotspot\bin\server\jvm.dll
0x00007ffa1bdd0000 - 0x00007ffa1be73000 	C:\WINDOWS\System32\ADVAPI32.dll
0x00007ffa1dc30000 - 0x00007ffa1dcc7000 	C:\WINDOWS\System32\sechost.dll
0x00007ffa1dcd0000 - 0x00007ffa1dcd8000 	C:\WINDOWS\System32\PSAPI.DLL
0x00007ffa0a140000 - 0x00007ffa0a164000 	C:\WINDOWS\SYSTEM32\WINMM.dll
0x00007ffa10000000 - 0x00007ffa10009000 	C:\WINDOWS\SYSTEM32\WSOCK32.dll
0x00007ffa07350000 - 0x00007ffa0735a000 	C:\WINDOWS\SYSTEM32\VERSION.dll
0x00007ffa1ca10000 - 0x00007ffa1ca7f000 	C:\WINDOWS\System32\WS2_32.dll
0x00007ffa0a110000 - 0x00007ffa0a13d000 	C:\WINDOWS\SYSTEM32\WINMMBASE.dll
0x00007ffa1b5d0000 - 0x00007ffa1b61a000 	C:\WINDOWS\System32\cfgmgr32.dll
0x00007ffa1ac10000 - 0x00007ffa1ac21000 	C:\WINDOWS\System32\kernel.appcore.dll
0x00007ffa0ffc0000 - 0x00007ffa0ffca000 	C:\Program Files\AdoptOpenJDK\jdk-14.0.1.7-hotspot\bin\jimage.dll
0x00007ffa19490000 - 0x00007ffa19684000 	C:\WINDOWS\SYSTEM32\DBGHELP.DLL
0x00007ffa0e850000 - 0x00007ffa0e87a000 	C:\WINDOWS\SYSTEM32\dbgcore.DLL
0x00007ff9ffbc0000 - 0x00007ff9ffbe5000 	C:\Program Files\AdoptOpenJDK\jdk-14.0.1.7-hotspot\bin\java.dll
0x00007ff9ff8b0000 - 0x00007ff9ff8c6000 	C:\Program Files\AdoptOpenJDK\jdk-14.0.1.7-hotspot\bin\zip.dll
0x00007ffa1d150000 - 0x00007ffa1d835000 	C:\WINDOWS\System32\SHELL32.dll
0x00007ffa1d0a0000 - 0x00007ffa1d149000 	C:\WINDOWS\System32\shcore.dll
0x00007ffa1b620000 - 0x00007ffa1bda0000 	C:\WINDOWS\System32\windows.storage.dll
0x00007ffa1ac80000 - 0x00007ffa1aca3000 	C:\WINDOWS\System32\profapi.dll
0x00007ffa1ac30000 - 0x00007ffa1ac7a000 	C:\WINDOWS\System32\powrprof.dll
0x00007ffa1abe0000 - 0x00007ffa1abf0000 	C:\WINDOWS\System32\UMPDC.dll
0x00007ffa1c910000 - 0x00007ffa1c962000 	C:\WINDOWS\System32\shlwapi.dll
0x00007ffa1ae30000 - 0x00007ffa1ae47000 	C:\WINDOWS\System32\cryptsp.dll
0x00007ff9df2a0000 - 0x00007ff9df437000 	C:\Program Files\AdoptOpenJDK\jdk-14.0.1.7-hotspot\bin\awt.dll
0x00007ffa1cb60000 - 0x00007ffa1cc24000 	C:\WINDOWS\System32\OLEAUT32.dll
0x00007ffa15750000 - 0x00007ffa157df000 	C:\WINDOWS\SYSTEM32\apphelp.dll
0x00007ffa15aa0000 - 0x00007ffa15acd000 	C:\WINDOWS\system32\DWMAPI.DLL
0x00007ffa159b0000 - 0x00007ffa15a49000 	C:\WINDOWS\system32\uxtheme.dll
0x00007ff9e6ea0000 - 0x00007ff9e6ff6000 	C:\WINDOWS\system32\opengl32.dll
0x00007ff9ff440000 - 0x00007ff9ff46c000 	C:\WINDOWS\SYSTEM32\GLU32.dll
0x00007ffa19850000 - 0x00007ffa19870000 	C:\WINDOWS\SYSTEM32\dxcore.dll
0x00007ffa1d860000 - 0x00007ffa1d996000 	C:\WINDOWS\System32\MSCTF.dll
0x00007ffa1da20000 - 0x00007ffa1db77000 	C:\WINDOWS\System32\ole32.dll
0x00007ff9eb190000 - 0x00007ff9eb212000 	C:\Program Files\AdoptOpenJDK\jdk-14.0.1.7-hotspot\bin\freetype.dll
0x00007ff9e7870000 - 0x00007ff9e7916000 	C:\Program Files\AdoptOpenJDK\jdk-14.0.1.7-hotspot\bin\fontmanager.dll

dbghelp: loaded successfully - version: 4.0.5 - missing functions: none
symbol engine: initialized successfully - sym options: 0x614 - pdb path: .;C:\Program Files\AdoptOpenJDK\jdk-14.0.1.7-hotspot\bin;C:\WINDOWS\SYSTEM32;C:\WINDOWS\WinSxS\amd64_microsoft.windows.common-controls_6595b64144ccf1df_6.0.18362.778_none_e6c6b761130d4fb8;C:\Program Files\AdoptOpenJDK\jdk-14.0.1.7-hotspot\bin\server

VM Arguments:
jvm_args: -Dfile.encoding=UTF-8 
java_command: GuiCircle2
java_class_path (initial): C:\Users\yuuta\Desktop\ozaki_lab\20200520\lecture2\bin
Launcher Type: SUN_STANDARD

[Global flags]
     intx CICompilerCount                          = 3                                         {product} {ergonomic}
     uint ConcGCThreads                            = 1                                         {product} {ergonomic}
     uint G1ConcRefinementThreads                  = 4                                         {product} {ergonomic}
   size_t G1HeapRegionSize                         = 1048576                                   {product} {ergonomic}
    uintx GCDrainStackTargetSize                   = 64                                        {product} {ergonomic}
   size_t InitialHeapSize                          = 134217728                                 {product} {ergonomic}
   size_t MarkStackSize                            = 4194304                                   {product} {ergonomic}
   size_t MaxHeapSize                              = 2128609280                                {product} {ergonomic}
   size_t MaxNewSize                               = 1277165568                                {product} {ergonomic}
   size_t MinHeapDeltaBytes                        = 1048576                                   {product} {ergonomic}
   size_t MinHeapSize                              = 8388608                                   {product} {ergonomic}
    uintx NonNMethodCodeHeapSize                   = 5832780                                {pd product} {ergonomic}
    uintx NonProfiledCodeHeapSize                  = 122912730                              {pd product} {ergonomic}
    uintx ProfiledCodeHeapSize                     = 122912730                              {pd product} {ergonomic}
    uintx ReservedCodeCacheSize                    = 251658240                              {pd product} {ergonomic}
     bool SegmentedCodeCache                       = true                                      {product} {ergonomic}
   size_t SoftMaxHeapSize                          = 2128609280                             {manageable} {ergonomic}
     bool UseCompressedClassPointers               = true                                 {lp64_product} {ergonomic}
     bool UseCompressedOops                        = true                                 {lp64_product} {ergonomic}
     bool UseG1GC                                  = true                                      {product} {ergonomic}
     bool UseLargePagesIndividualAllocation        = false                                  {pd product} {ergonomic}

Logging:
Log output configuration:
 #0: stdout all=warning uptime,level,tags
 #1: stderr all=off uptime,level,tags

Environment Variables:
JAVA_HOME=C:\Program Files\AdoptOpenJDK\jdk-14.0.1.7-hotspot\
PATH=C:\Program Files\AdoptOpenJDK\jdk-14.0.1.7-hotspot\bin;C:\Python38\Scripts\;C:\Python38\;C:\MinGW\bin\System32;C:\MinGW\bin;C:\ProgramData\chocolatey\bin;C:\Program Files\nodejs\;C:\Windows\System32;C:\Users\yuuta\.cargo\bin;C:\Ruby24-x64\bin;C:\Users\yuuta\AppData\Local\Programs\Python\Python37-32\Scripts\;C:\Users\yuuta\AppData\Local\Programs\Python\Python37-32\;C:\Users\yuuta\Anaconda3;C:\Users\yuuta\Anaconda3\Library\mingw-w64\bin;C:\Users\yuuta\Anaconda3\Library\usr\bin;C:\Users\yuuta\Anaconda3\Library\bin;C:\Users\yuuta\Anaconda3\Scripts;C:\Users\yuuta\es6_sample\node_modules\.bin\babel;C:\Users\yuuta\AppData\Local\atom\bin;C:\Users\yuuta\AppData\Local\Programs\Microsoft VS Code\bin;C:\Users\yuuta\AppData\Local\Microsoft\WindowsApps;C:\Users\yuuta\deverop\node_modules\yarn\bin;C:\MinGW\bin;C:\Users\yuuta\AppData\Roaming\npm
USERNAME=yuuta
OS=Windows_NT
PROCESSOR_IDENTIFIER=Intel64 Family 6 Model 142 Stepping 9, GenuineIntel



---------------  S Y S T E M  ---------------

OS: Windows 10 , 64 bit Build 18362 (10.0.18362.778)
OS uptime: 3 days 13:22 hours

CPU:total 4 (initial active 4) (2 cores per cpu, 2 threads per core) family 6 model 142 stepping 9, cmov, cx8, fxsr, mmx, sse, sse2, sse3, ssse3, sse4.1, sse4.2, popcnt, avx, avx2, aes, clmul, erms, 3dnowpref, lzcnt, ht, tsc, tscinvbit, bmi1, bmi2, adx, fma

Memory: 4k page, system-wide physical 8117M (1062M free)
TotalPageFile size 17521M (AvailPageFile size 2218M)
current process WorkingSet (physical memory assigned to process): 46M, peak: 46M
current process commit charge ("private bytes"): 210M, peak: 210M

vm_info: OpenJDK 64-Bit Server VM (14.0.1+7) for windows-amd64 JRE (14.0.1+7), built on Apr 22 2020 14:10:56 by "" with MS VC++ 15.9 (VS2017)

END.
